<?xml version="1.0" encoding="UTF-8"?>
<robot generator="Robot 3.1.2 (Python 3.8.1 on win32)" generated="20200129 12:02:19.622" rpa="false">
<suite id="s1" name="แสดงรายงานผลการสอบ" source="D:\Team 2\Robot framework\แสดงรายงานผลการสอบ\แสดงรายงานผลการสอบ.robot">
<test id="s1-t1" name="TC5-01 แสดงข้อมูลของนักเรียนผ่านทางหน้าจอถูกต้อง">
<kw name="Given เปิดเบราว์เซอร์" library="Keywords">
<kw name="Open Browser" library="Selenium2Library">
<doc>Opens a new browser instance to the optional ``url``.</doc>
<arguments>
<arg>${url}</arg>
<arg>chrome</arg>
</arguments>
<msg timestamp="20200129 12:02:19.815" level="INFO">Opening browser 'chrome' to base url 'https://10.80.39.17/TSP60/Thepd-nu/index.php/gear'.</msg>
<status status="PASS" starttime="20200129 12:02:19.815" endtime="20200129 12:02:24.965"></status>
</kw>
<kw name="Click Element" library="Selenium2Library">
<doc>Click the element identified by ``locator``.</doc>
<arguments>
<arg>${btn_advanced}</arg>
</arguments>
<msg timestamp="20200129 12:02:24.965" level="INFO">Clicking element 'xpath=//*[@id="details-button"]'.</msg>
<status status="PASS" starttime="20200129 12:02:24.965" endtime="20200129 12:02:25.024"></status>
</kw>
<kw name="Click Element" library="Selenium2Library">
<doc>Click the element identified by ``locator``.</doc>
<arguments>
<arg>${btn_proceed_linkl}</arg>
</arguments>
<msg timestamp="20200129 12:02:25.025" level="INFO">Clicking element 'xpath=//*[@id="proceed-link"]'.</msg>
<status status="PASS" starttime="20200129 12:02:25.024" endtime="20200129 12:02:25.378"></status>
</kw>
<kw name="Maximize Browser Window" library="Selenium2Library">
<doc>Maximizes current browser window.</doc>
<status status="PASS" starttime="20200129 12:02:25.379" endtime="20200129 12:02:29.504"></status>
</kw>
<status status="PASS" starttime="20200129 12:02:19.814" endtime="20200129 12:02:29.504"></status>
</kw>
<kw name="AND เข้าสู่ระบบกรอกด้วย &quot;60160345&quot; และ &quot;60160345&quot;" library="Keywords">
<kw name="Input Text" library="Selenium2Library">
<doc>Types the given ``text`` into the text field identified by ``locator``.</doc>
<arguments>
<arg>${input_username}</arg>
<arg>${username}</arg>
</arguments>
<msg timestamp="20200129 12:02:29.506" level="INFO">Typing text '60160345' into text field 'xpath=//*[@id="validate-form"]/div[1]/div/div/input'.</msg>
<status status="PASS" starttime="20200129 12:02:29.506" endtime="20200129 12:02:29.591"></status>
</kw>
<kw name="Input Text" library="Selenium2Library">
<doc>Types the given ``text`` into the text field identified by ``locator``.</doc>
<arguments>
<arg>${input_password}</arg>
<arg>${password}</arg>
</arguments>
<msg timestamp="20200129 12:02:29.591" level="INFO">Typing text '60160345' into text field 'xpath=//*[@id="exampleInputPassword1"]'.</msg>
<status status="PASS" starttime="20200129 12:02:29.591" endtime="20200129 12:02:29.663"></status>
</kw>
<kw name="Sleep" library="BuiltIn">
<doc>Pauses the test executed for the given time.</doc>
<arguments>
<arg>1s</arg>
</arguments>
<msg timestamp="20200129 12:02:30.665" level="INFO">Slept 1 second</msg>
<status status="PASS" starttime="20200129 12:02:29.664" endtime="20200129 12:02:30.665"></status>
</kw>
<status status="PASS" starttime="20200129 12:02:29.505" endtime="20200129 12:02:30.665"></status>
</kw>
<kw name="AND กดปุ่มเข้าสู่ระบบ" library="Keywords">
<kw name="Click Element" library="Selenium2Library">
<doc>Click the element identified by ``locator``.</doc>
<arguments>
<arg>${btn_login}</arg>
</arguments>
<msg timestamp="20200129 12:02:30.666" level="INFO">Clicking element 'xpath=//*[@id="validate-form"]/input'.</msg>
<status status="PASS" starttime="20200129 12:02:30.666" endtime="20200129 12:02:32.097"></status>
</kw>
<kw name="Sleep" library="BuiltIn">
<doc>Pauses the test executed for the given time.</doc>
<arguments>
<arg>1s</arg>
</arguments>
<msg timestamp="20200129 12:02:33.097" level="INFO">Slept 1 second</msg>
<status status="PASS" starttime="20200129 12:02:32.097" endtime="20200129 12:02:33.097"></status>
</kw>
<status status="PASS" starttime="20200129 12:02:30.666" endtime="20200129 12:02:33.097"></status>
</kw>
<kw name="AND เลือกเมนู" library="Keywords">
<kw name="Click Element" library="Selenium2Library">
<doc>Click the element identified by ``locator``.</doc>
<arguments>
<arg>${btn_hamburger}</arg>
</arguments>
<msg timestamp="20200129 12:02:33.098" level="INFO">Clicking element 'xpath=//*[@id="openmenu"]/span'.</msg>
<status status="PASS" starttime="20200129 12:02:33.098" endtime="20200129 12:02:33.164"></status>
</kw>
<kw name="Sleep" library="BuiltIn">
<doc>Pauses the test executed for the given time.</doc>
<arguments>
<arg>1s</arg>
</arguments>
<msg timestamp="20200129 12:02:34.165" level="INFO">Slept 1 second</msg>
<status status="PASS" starttime="20200129 12:02:33.164" endtime="20200129 12:02:34.165"></status>
</kw>
<status status="PASS" starttime="20200129 12:02:33.098" endtime="20200129 12:02:34.165"></status>
</kw>
<kw name="AND เลือกผู้ดูแลระบบ" library="Keywords">
<kw name="Click Element" library="Selenium2Library">
<doc>Click the element identified by ``locator``.</doc>
<arguments>
<arg>${menu_list_admin}</arg>
</arguments>
<msg timestamp="20200129 12:02:34.166" level="INFO">Clicking element 'xpath=//*[@id="jetsContent"]/li[4]'.</msg>
<status status="PASS" starttime="20200129 12:02:34.166" endtime="20200129 12:02:34.651"></status>
</kw>
<kw name="Sleep" library="BuiltIn">
<doc>Pauses the test executed for the given time.</doc>
<arguments>
<arg>1s</arg>
</arguments>
<msg timestamp="20200129 12:02:35.653" level="INFO">Slept 1 second</msg>
<status status="PASS" starttime="20200129 12:02:34.652" endtime="20200129 12:02:35.653"></status>
</kw>
<status status="PASS" starttime="20200129 12:02:34.166" endtime="20200129 12:02:35.653"></status>
</kw>
<kw name="AND เลือกนักเรียน" library="Keywords">
<kw name="Click Element" library="Selenium2Library">
<doc>Click the element identified by ``locator``.</doc>
<arguments>
<arg>${btn_menu_student}</arg>
</arguments>
<msg timestamp="20200129 12:02:35.654" level="INFO">Clicking element 'xpath=//*[@id="student"]'.</msg>
<status status="PASS" starttime="20200129 12:02:35.654" endtime="20200129 12:02:35.700"></status>
</kw>
<kw name="Sleep" library="BuiltIn">
<doc>Pauses the test executed for the given time.</doc>
<arguments>
<arg>1s</arg>
</arguments>
<msg timestamp="20200129 12:02:36.701" level="INFO">Slept 1 second</msg>
<status status="PASS" starttime="20200129 12:02:35.700" endtime="20200129 12:02:36.701"></status>
</kw>
<status status="PASS" starttime="20200129 12:02:35.654" endtime="20200129 12:02:36.701"></status>
</kw>
<kw name="AND เลือกเมนูแสดงผลการสอบ" library="Keywords">
<kw name="Click Element" library="Selenium2Library">
<doc>Click the element identified by ``locator``.</doc>
<arguments>
<arg>${btn_menu_review}</arg>
</arguments>
<msg timestamp="20200129 12:02:36.702" level="INFO">Clicking element 'xpath=//*[@id="exam-review"]'.</msg>
<status status="PASS" starttime="20200129 12:02:36.702" endtime="20200129 12:02:37.068"></status>
</kw>
<kw name="Sleep" library="BuiltIn">
<doc>Pauses the test executed for the given time.</doc>
<arguments>
<arg>1s</arg>
</arguments>
<msg timestamp="20200129 12:02:38.069" level="INFO">Slept 1 second</msg>
<status status="PASS" starttime="20200129 12:02:37.068" endtime="20200129 12:02:38.069"></status>
</kw>
<status status="PASS" starttime="20200129 12:02:36.702" endtime="20200129 12:02:38.069"></status>
</kw>
<kw name="THEN ปิดเบราว์เซอร์" library="Keywords">
<kw name="Close Browser" library="Selenium2Library">
<doc>Closes the current browser.</doc>
<status status="PASS" starttime="20200129 12:02:38.070" endtime="20200129 12:02:40.134"></status>
</kw>
<status status="PASS" starttime="20200129 12:02:38.070" endtime="20200129 12:02:40.134"></status>
</kw>
<tags>
<tag>PASS</tag>
</tags>
<status status="PASS" starttime="20200129 12:02:19.811" endtime="20200129 12:02:40.135" critical="yes"></status>
</test>
<test id="s1-t2" name="TC5-04 หน้าจอแสดงผลการสอบสามารถกดปุ่มดรอปดาวน์เพื่อเลือกแสดงภาคการศึกษา และแสดงข้อมูลถูกต้องผ่านทางหน้าจอได้">
<kw name="Given เปิดเบราว์เซอร์" library="Keywords">
<kw name="Open Browser" library="Selenium2Library">
<doc>Opens a new browser instance to the optional ``url``.</doc>
<arguments>
<arg>${url}</arg>
<arg>chrome</arg>
</arguments>
<msg timestamp="20200129 12:02:40.162" level="INFO">Opening browser 'chrome' to base url 'https://10.80.39.17/TSP60/Thepd-nu/index.php/gear'.</msg>
<status status="PASS" starttime="20200129 12:02:40.161" endtime="20200129 12:02:45.355"></status>
</kw>
<kw name="Click Element" library="Selenium2Library">
<doc>Click the element identified by ``locator``.</doc>
<arguments>
<arg>${btn_advanced}</arg>
</arguments>
<msg timestamp="20200129 12:02:45.356" level="INFO">Clicking element 'xpath=//*[@id="details-button"]'.</msg>
<status status="PASS" starttime="20200129 12:02:45.355" endtime="20200129 12:02:45.418"></status>
</kw>
<kw name="Click Element" library="Selenium2Library">
<doc>Click the element identified by ``locator``.</doc>
<arguments>
<arg>${btn_proceed_linkl}</arg>
</arguments>
<msg timestamp="20200129 12:02:45.418" level="INFO">Clicking element 'xpath=//*[@id="proceed-link"]'.</msg>
<status status="PASS" starttime="20200129 12:02:45.418" endtime="20200129 12:02:45.747"></status>
</kw>
<kw name="Maximize Browser Window" library="Selenium2Library">
<doc>Maximizes current browser window.</doc>
<status status="PASS" starttime="20200129 12:02:45.747" endtime="20200129 12:02:49.866"></status>
</kw>
<status status="PASS" starttime="20200129 12:02:40.161" endtime="20200129 12:02:49.866"></status>
</kw>
<kw name="AND เข้าสู่ระบบกรอกด้วย &quot;60160345&quot; และ &quot;60160345&quot;" library="Keywords">
<kw name="Input Text" library="Selenium2Library">
<doc>Types the given ``text`` into the text field identified by ``locator``.</doc>
<arguments>
<arg>${input_username}</arg>
<arg>${username}</arg>
</arguments>
<msg timestamp="20200129 12:02:49.867" level="INFO">Typing text '60160345' into text field 'xpath=//*[@id="validate-form"]/div[1]/div/div/input'.</msg>
<status status="PASS" starttime="20200129 12:02:49.867" endtime="20200129 12:02:49.947"></status>
</kw>
<kw name="Input Text" library="Selenium2Library">
<doc>Types the given ``text`` into the text field identified by ``locator``.</doc>
<arguments>
<arg>${input_password}</arg>
<arg>${password}</arg>
</arguments>
<msg timestamp="20200129 12:02:49.947" level="INFO">Typing text '60160345' into text field 'xpath=//*[@id="exampleInputPassword1"]'.</msg>
<status status="PASS" starttime="20200129 12:02:49.947" endtime="20200129 12:02:50.021"></status>
</kw>
<kw name="Sleep" library="BuiltIn">
<doc>Pauses the test executed for the given time.</doc>
<arguments>
<arg>1s</arg>
</arguments>
<msg timestamp="20200129 12:02:51.022" level="INFO">Slept 1 second</msg>
<status status="PASS" starttime="20200129 12:02:50.021" endtime="20200129 12:02:51.022"></status>
</kw>
<status status="PASS" starttime="20200129 12:02:49.866" endtime="20200129 12:02:51.022"></status>
</kw>
<kw name="AND กดปุ่มเข้าสู่ระบบ" library="Keywords">
<kw name="Click Element" library="Selenium2Library">
<doc>Click the element identified by ``locator``.</doc>
<arguments>
<arg>${btn_login}</arg>
</arguments>
<msg timestamp="20200129 12:02:51.023" level="INFO">Clicking element 'xpath=//*[@id="validate-form"]/input'.</msg>
<status status="PASS" starttime="20200129 12:02:51.023" endtime="20200129 12:02:52.444"></status>
</kw>
<kw name="Sleep" library="BuiltIn">
<doc>Pauses the test executed for the given time.</doc>
<arguments>
<arg>1s</arg>
</arguments>
<msg timestamp="20200129 12:02:53.445" level="INFO">Slept 1 second</msg>
<status status="PASS" starttime="20200129 12:02:52.444" endtime="20200129 12:02:53.445"></status>
</kw>
<status status="PASS" starttime="20200129 12:02:51.023" endtime="20200129 12:02:53.446"></status>
</kw>
<kw name="AND เลือกเมนู" library="Keywords">
<kw name="Click Element" library="Selenium2Library">
<doc>Click the element identified by ``locator``.</doc>
<arguments>
<arg>${btn_hamburger}</arg>
</arguments>
<msg timestamp="20200129 12:02:53.450" level="INFO">Clicking element 'xpath=//*[@id="openmenu"]/span'.</msg>
<status status="PASS" starttime="20200129 12:02:53.449" endtime="20200129 12:02:53.539"></status>
</kw>
<kw name="Sleep" library="BuiltIn">
<doc>Pauses the test executed for the given time.</doc>
<arguments>
<arg>1s</arg>
</arguments>
<msg timestamp="20200129 12:02:54.540" level="INFO">Slept 1 second</msg>
<status status="PASS" starttime="20200129 12:02:53.539" endtime="20200129 12:02:54.540"></status>
</kw>
<status status="PASS" starttime="20200129 12:02:53.448" endtime="20200129 12:02:54.540"></status>
</kw>
<kw name="AND เลือกผู้ดูแลระบบ" library="Keywords">
<kw name="Click Element" library="Selenium2Library">
<doc>Click the element identified by ``locator``.</doc>
<arguments>
<arg>${menu_list_admin}</arg>
</arguments>
<msg timestamp="20200129 12:02:54.542" level="INFO">Clicking element 'xpath=//*[@id="jetsContent"]/li[4]'.</msg>
<status status="PASS" starttime="20200129 12:02:54.542" endtime="20200129 12:02:55.063"></status>
</kw>
<kw name="Sleep" library="BuiltIn">
<doc>Pauses the test executed for the given time.</doc>
<arguments>
<arg>1s</arg>
</arguments>
<msg timestamp="20200129 12:02:56.065" level="INFO">Slept 1 second</msg>
<status status="PASS" starttime="20200129 12:02:55.064" endtime="20200129 12:02:56.065"></status>
</kw>
<status status="PASS" starttime="20200129 12:02:54.541" endtime="20200129 12:02:56.065"></status>
</kw>
<kw name="AND เลือกนักเรียน" library="Keywords">
<kw name="Click Element" library="Selenium2Library">
<doc>Click the element identified by ``locator``.</doc>
<arguments>
<arg>${btn_menu_student}</arg>
</arguments>
<msg timestamp="20200129 12:02:56.066" level="INFO">Clicking element 'xpath=//*[@id="student"]'.</msg>
<status status="PASS" starttime="20200129 12:02:56.066" endtime="20200129 12:02:56.124"></status>
</kw>
<kw name="Sleep" library="BuiltIn">
<doc>Pauses the test executed for the given time.</doc>
<arguments>
<arg>1s</arg>
</arguments>
<msg timestamp="20200129 12:02:57.125" level="INFO">Slept 1 second</msg>
<status status="PASS" starttime="20200129 12:02:56.124" endtime="20200129 12:02:57.125"></status>
</kw>
<status status="PASS" starttime="20200129 12:02:56.066" endtime="20200129 12:02:57.125"></status>
</kw>
<kw name="AND เลือกเมนูแสดงผลการสอบ" library="Keywords">
<kw name="Click Element" library="Selenium2Library">
<doc>Click the element identified by ``locator``.</doc>
<arguments>
<arg>${btn_menu_review}</arg>
</arguments>
<msg timestamp="20200129 12:02:57.126" level="INFO">Clicking element 'xpath=//*[@id="exam-review"]'.</msg>
<status status="PASS" starttime="20200129 12:02:57.126" endtime="20200129 12:02:57.495"></status>
</kw>
<kw name="Sleep" library="BuiltIn">
<doc>Pauses the test executed for the given time.</doc>
<arguments>
<arg>1s</arg>
</arguments>
<msg timestamp="20200129 12:02:58.496" level="INFO">Slept 1 second</msg>
<status status="PASS" starttime="20200129 12:02:57.495" endtime="20200129 12:02:58.496"></status>
</kw>
<status status="PASS" starttime="20200129 12:02:57.126" endtime="20200129 12:02:58.496"></status>
</kw>
<kw name="AND เลือกภาคการศึกษา 1" library="Keywords-review">
<kw name="Select From List By Value" library="Selenium2Library">
<doc>Selects options from selection list ``locator`` by ``values``.</doc>
<arguments>
<arg>${selector_term}</arg>
<arg>${term}</arg>
</arguments>
<msg timestamp="20200129 12:02:58.496" level="INFO">Selecting options from selection list 'xpath=//*[@id="select_crs_term"]' by value 1.</msg>
<status status="PASS" starttime="20200129 12:02:58.496" endtime="20200129 12:02:58.575"></status>
</kw>
<kw name="Sleep" library="BuiltIn">
<doc>Pauses the test executed for the given time.</doc>
<arguments>
<arg>1s</arg>
</arguments>
<msg timestamp="20200129 12:02:59.576" level="INFO">Slept 1 second</msg>
<status status="PASS" starttime="20200129 12:02:58.575" endtime="20200129 12:02:59.576"></status>
</kw>
<status status="PASS" starttime="20200129 12:02:58.496" endtime="20200129 12:02:59.576"></status>
</kw>
<kw name="THEN ปิดเบราว์เซอร์" library="Keywords">
<kw name="Close Browser" library="Selenium2Library">
<doc>Closes the current browser.</doc>
<status status="PASS" starttime="20200129 12:02:59.577" endtime="20200129 12:03:01.650"></status>
</kw>
<status status="PASS" starttime="20200129 12:02:59.577" endtime="20200129 12:03:01.650"></status>
</kw>
<tags>
<tag>PASS</tag>
</tags>
<status status="PASS" starttime="20200129 12:02:40.140" endtime="20200129 12:03:01.651" critical="yes"></status>
</test>
<test id="s1-t3" name="TC5-09 หน้าจอแสดงผลการสอบสามารถกดปุ่มดรอปดาวน์เพื่อเลือกปีพ.ศ. และแสดงข้อมูลตามปีถูกต้องผ่านทางหน้าจอได้">
<kw name="Given เปิดเบราว์เซอร์" library="Keywords">
<kw name="Open Browser" library="Selenium2Library">
<doc>Opens a new browser instance to the optional ``url``.</doc>
<arguments>
<arg>${url}</arg>
<arg>chrome</arg>
</arguments>
<msg timestamp="20200129 12:03:01.659" level="INFO">Opening browser 'chrome' to base url 'https://10.80.39.17/TSP60/Thepd-nu/index.php/gear'.</msg>
<status status="PASS" starttime="20200129 12:03:01.659" endtime="20200129 12:03:06.852"></status>
</kw>
<kw name="Click Element" library="Selenium2Library">
<doc>Click the element identified by ``locator``.</doc>
<arguments>
<arg>${btn_advanced}</arg>
</arguments>
<msg timestamp="20200129 12:03:06.853" level="INFO">Clicking element 'xpath=//*[@id="details-button"]'.</msg>
<status status="PASS" starttime="20200129 12:03:06.853" endtime="20200129 12:03:06.897"></status>
</kw>
<kw name="Click Element" library="Selenium2Library">
<doc>Click the element identified by ``locator``.</doc>
<arguments>
<arg>${btn_proceed_linkl}</arg>
</arguments>
<msg timestamp="20200129 12:03:06.897" level="INFO">Clicking element 'xpath=//*[@id="proceed-link"]'.</msg>
<status status="PASS" starttime="20200129 12:03:06.897" endtime="20200129 12:03:07.221"></status>
</kw>
<kw name="Maximize Browser Window" library="Selenium2Library">
<doc>Maximizes current browser window.</doc>
<status status="PASS" starttime="20200129 12:03:07.221" endtime="20200129 12:03:11.338"></status>
</kw>
<status status="PASS" starttime="20200129 12:03:01.658" endtime="20200129 12:03:11.339"></status>
</kw>
<kw name="AND เข้าสู่ระบบกรอกด้วย &quot;60160345&quot; และ &quot;60160345&quot;" library="Keywords">
<kw name="Input Text" library="Selenium2Library">
<doc>Types the given ``text`` into the text field identified by ``locator``.</doc>
<arguments>
<arg>${input_username}</arg>
<arg>${username}</arg>
</arguments>
<msg timestamp="20200129 12:03:11.340" level="INFO">Typing text '60160345' into text field 'xpath=//*[@id="validate-form"]/div[1]/div/div/input'.</msg>
<status status="PASS" starttime="20200129 12:03:11.340" endtime="20200129 12:03:11.428"></status>
</kw>
<kw name="Input Text" library="Selenium2Library">
<doc>Types the given ``text`` into the text field identified by ``locator``.</doc>
<arguments>
<arg>${input_password}</arg>
<arg>${password}</arg>
</arguments>
<msg timestamp="20200129 12:03:11.428" level="INFO">Typing text '60160345' into text field 'xpath=//*[@id="exampleInputPassword1"]'.</msg>
<status status="PASS" starttime="20200129 12:03:11.428" endtime="20200129 12:03:11.500"></status>
</kw>
<kw name="Sleep" library="BuiltIn">
<doc>Pauses the test executed for the given time.</doc>
<arguments>
<arg>1s</arg>
</arguments>
<msg timestamp="20200129 12:03:12.501" level="INFO">Slept 1 second</msg>
<status status="PASS" starttime="20200129 12:03:11.500" endtime="20200129 12:03:12.501"></status>
</kw>
<status status="PASS" starttime="20200129 12:03:11.339" endtime="20200129 12:03:12.501"></status>
</kw>
<kw name="AND กดปุ่มเข้าสู่ระบบ" library="Keywords">
<kw name="Click Element" library="Selenium2Library">
<doc>Click the element identified by ``locator``.</doc>
<arguments>
<arg>${btn_login}</arg>
</arguments>
<msg timestamp="20200129 12:03:12.503" level="INFO">Clicking element 'xpath=//*[@id="validate-form"]/input'.</msg>
<status status="PASS" starttime="20200129 12:03:12.502" endtime="20200129 12:03:13.893"></status>
</kw>
<kw name="Sleep" library="BuiltIn">
<doc>Pauses the test executed for the given time.</doc>
<arguments>
<arg>1s</arg>
</arguments>
<msg timestamp="20200129 12:03:14.895" level="INFO">Slept 1 second</msg>
<status status="PASS" starttime="20200129 12:03:13.893" endtime="20200129 12:03:14.895"></status>
</kw>
<status status="PASS" starttime="20200129 12:03:12.502" endtime="20200129 12:03:14.895"></status>
</kw>
<kw name="AND เลือกเมนู" library="Keywords">
<kw name="Click Element" library="Selenium2Library">
<doc>Click the element identified by ``locator``.</doc>
<arguments>
<arg>${btn_hamburger}</arg>
</arguments>
<msg timestamp="20200129 12:03:14.896" level="INFO">Clicking element 'xpath=//*[@id="openmenu"]/span'.</msg>
<status status="PASS" starttime="20200129 12:03:14.896" endtime="20200129 12:03:14.979"></status>
</kw>
<kw name="Sleep" library="BuiltIn">
<doc>Pauses the test executed for the given time.</doc>
<arguments>
<arg>1s</arg>
</arguments>
<msg timestamp="20200129 12:03:15.980" level="INFO">Slept 1 second</msg>
<status status="PASS" starttime="20200129 12:03:14.979" endtime="20200129 12:03:15.980"></status>
</kw>
<status status="PASS" starttime="20200129 12:03:14.895" endtime="20200129 12:03:15.980"></status>
</kw>
<kw name="AND เลือกผู้ดูแลระบบ" library="Keywords">
<kw name="Click Element" library="Selenium2Library">
<doc>Click the element identified by ``locator``.</doc>
<arguments>
<arg>${menu_list_admin}</arg>
</arguments>
<msg timestamp="20200129 12:03:15.981" level="INFO">Clicking element 'xpath=//*[@id="jetsContent"]/li[4]'.</msg>
<status status="PASS" starttime="20200129 12:03:15.981" endtime="20200129 12:03:16.468"></status>
</kw>
<kw name="Sleep" library="BuiltIn">
<doc>Pauses the test executed for the given time.</doc>
<arguments>
<arg>1s</arg>
</arguments>
<msg timestamp="20200129 12:03:17.470" level="INFO">Slept 1 second</msg>
<status status="PASS" starttime="20200129 12:03:16.468" endtime="20200129 12:03:17.470"></status>
</kw>
<status status="PASS" starttime="20200129 12:03:15.981" endtime="20200129 12:03:17.470"></status>
</kw>
<kw name="AND เลือกนักเรียน" library="Keywords">
<kw name="Click Element" library="Selenium2Library">
<doc>Click the element identified by ``locator``.</doc>
<arguments>
<arg>${btn_menu_student}</arg>
</arguments>
<msg timestamp="20200129 12:03:17.472" level="INFO">Clicking element 'xpath=//*[@id="student"]'.</msg>
<status status="PASS" starttime="20200129 12:03:17.471" endtime="20200129 12:03:17.533"></status>
</kw>
<kw name="Sleep" library="BuiltIn">
<doc>Pauses the test executed for the given time.</doc>
<arguments>
<arg>1s</arg>
</arguments>
<msg timestamp="20200129 12:03:18.534" level="INFO">Slept 1 second</msg>
<status status="PASS" starttime="20200129 12:03:17.534" endtime="20200129 12:03:18.534"></status>
</kw>
<status status="PASS" starttime="20200129 12:03:17.471" endtime="20200129 12:03:18.534"></status>
</kw>
<kw name="AND เลือกเมนูแสดงผลการสอบ" library="Keywords">
<kw name="Click Element" library="Selenium2Library">
<doc>Click the element identified by ``locator``.</doc>
<arguments>
<arg>${btn_menu_review}</arg>
</arguments>
<msg timestamp="20200129 12:03:18.537" level="INFO">Clicking element 'xpath=//*[@id="exam-review"]'.</msg>
<status status="PASS" starttime="20200129 12:03:18.536" endtime="20200129 12:03:18.930"></status>
</kw>
<kw name="Sleep" library="BuiltIn">
<doc>Pauses the test executed for the given time.</doc>
<arguments>
<arg>1s</arg>
</arguments>
<msg timestamp="20200129 12:03:19.931" level="INFO">Slept 1 second</msg>
<status status="PASS" starttime="20200129 12:03:18.930" endtime="20200129 12:03:19.931"></status>
</kw>
<status status="PASS" starttime="20200129 12:03:18.536" endtime="20200129 12:03:19.931"></status>
</kw>
<kw name="AND เลือกปีการศึกษา 2562" library="Keywords-review">
<kw name="Select From List By Value" library="Selenium2Library">
<doc>Selects options from selection list ``locator`` by ``values``.</doc>
<arguments>
<arg>${selector_year}</arg>
<arg>${year}</arg>
</arguments>
<msg timestamp="20200129 12:03:19.932" level="INFO">Selecting options from selection list 'xpath=//*[@id="select_crs_year"]' by value 2562.</msg>
<status status="PASS" starttime="20200129 12:03:19.932" endtime="20200129 12:03:20.003"></status>
</kw>
<kw name="Sleep" library="BuiltIn">
<doc>Pauses the test executed for the given time.</doc>
<arguments>
<arg>1s</arg>
</arguments>
<msg timestamp="20200129 12:03:21.004" level="INFO">Slept 1 second</msg>
<status status="PASS" starttime="20200129 12:03:20.003" endtime="20200129 12:03:21.004"></status>
</kw>
<status status="PASS" starttime="20200129 12:03:19.932" endtime="20200129 12:03:21.005"></status>
</kw>
<kw name="THEN ปิดเบราว์เซอร์" library="Keywords">
<kw name="Close Browser" library="Selenium2Library">
<doc>Closes the current browser.</doc>
<status status="PASS" starttime="20200129 12:03:21.007" endtime="20200129 12:03:23.081"></status>
</kw>
<status status="PASS" starttime="20200129 12:03:21.006" endtime="20200129 12:03:23.081"></status>
</kw>
<tags>
<tag>PASS</tag>
</tags>
<status status="PASS" starttime="20200129 12:03:01.653" endtime="20200129 12:03:23.083" critical="yes"></status>
</test>
<test id="s1-t4" name="TC05-15 หน้าจอแสดงผลการสอบสามารถกรอกข้อมูลในช่องค้นหาได้ และแสดงข้อมูลถูกต้องตามที่ค้นหา">
<kw name="Given เปิดเบราว์เซอร์" library="Keywords">
<kw name="Open Browser" library="Selenium2Library">
<doc>Opens a new browser instance to the optional ``url``.</doc>
<arguments>
<arg>${url}</arg>
<arg>chrome</arg>
</arguments>
<msg timestamp="20200129 12:03:23.097" level="INFO">Opening browser 'chrome' to base url 'https://10.80.39.17/TSP60/Thepd-nu/index.php/gear'.</msg>
<status status="PASS" starttime="20200129 12:03:23.096" endtime="20200129 12:03:28.234"></status>
</kw>
<kw name="Click Element" library="Selenium2Library">
<doc>Click the element identified by ``locator``.</doc>
<arguments>
<arg>${btn_advanced}</arg>
</arguments>
<msg timestamp="20200129 12:03:28.235" level="INFO">Clicking element 'xpath=//*[@id="details-button"]'.</msg>
<status status="PASS" starttime="20200129 12:03:28.234" endtime="20200129 12:03:28.283"></status>
</kw>
<kw name="Click Element" library="Selenium2Library">
<doc>Click the element identified by ``locator``.</doc>
<arguments>
<arg>${btn_proceed_linkl}</arg>
</arguments>
<msg timestamp="20200129 12:03:28.283" level="INFO">Clicking element 'xpath=//*[@id="proceed-link"]'.</msg>
<status status="PASS" starttime="20200129 12:03:28.283" endtime="20200129 12:03:28.620"></status>
</kw>
<kw name="Maximize Browser Window" library="Selenium2Library">
<doc>Maximizes current browser window.</doc>
<status status="PASS" starttime="20200129 12:03:28.620" endtime="20200129 12:03:30.734"></status>
</kw>
<status status="PASS" starttime="20200129 12:03:23.096" endtime="20200129 12:03:30.734"></status>
</kw>
<kw name="AND เข้าสู่ระบบกรอกด้วย &quot;60160345&quot; และ &quot;60160345&quot;" library="Keywords">
<kw name="Input Text" library="Selenium2Library">
<doc>Types the given ``text`` into the text field identified by ``locator``.</doc>
<arguments>
<arg>${input_username}</arg>
<arg>${username}</arg>
</arguments>
<msg timestamp="20200129 12:03:30.735" level="INFO">Typing text '60160345' into text field 'xpath=//*[@id="validate-form"]/div[1]/div/div/input'.</msg>
<status status="PASS" starttime="20200129 12:03:30.735" endtime="20200129 12:03:30.819"></status>
</kw>
<kw name="Input Text" library="Selenium2Library">
<doc>Types the given ``text`` into the text field identified by ``locator``.</doc>
<arguments>
<arg>${input_password}</arg>
<arg>${password}</arg>
</arguments>
<msg timestamp="20200129 12:03:30.819" level="INFO">Typing text '60160345' into text field 'xpath=//*[@id="exampleInputPassword1"]'.</msg>
<status status="PASS" starttime="20200129 12:03:30.819" endtime="20200129 12:03:30.892"></status>
</kw>
<kw name="Sleep" library="BuiltIn">
<doc>Pauses the test executed for the given time.</doc>
<arguments>
<arg>1s</arg>
</arguments>
<msg timestamp="20200129 12:03:31.895" level="INFO">Slept 1 second</msg>
<status status="PASS" starttime="20200129 12:03:30.892" endtime="20200129 12:03:31.895"></status>
</kw>
<status status="PASS" starttime="20200129 12:03:30.735" endtime="20200129 12:03:31.896"></status>
</kw>
<kw name="AND กดปุ่มเข้าสู่ระบบ" library="Keywords">
<kw name="Click Element" library="Selenium2Library">
<doc>Click the element identified by ``locator``.</doc>
<arguments>
<arg>${btn_login}</arg>
</arguments>
<msg timestamp="20200129 12:03:31.900" level="INFO">Clicking element 'xpath=//*[@id="validate-form"]/input'.</msg>
<status status="PASS" starttime="20200129 12:03:31.899" endtime="20200129 12:03:33.324"></status>
</kw>
<kw name="Sleep" library="BuiltIn">
<doc>Pauses the test executed for the given time.</doc>
<arguments>
<arg>1s</arg>
</arguments>
<msg timestamp="20200129 12:03:34.325" level="INFO">Slept 1 second</msg>
<status status="PASS" starttime="20200129 12:03:33.324" endtime="20200129 12:03:34.325"></status>
</kw>
<status status="PASS" starttime="20200129 12:03:31.898" endtime="20200129 12:03:34.325"></status>
</kw>
<kw name="AND เลือกเมนู" library="Keywords">
<kw name="Click Element" library="Selenium2Library">
<doc>Click the element identified by ``locator``.</doc>
<arguments>
<arg>${btn_hamburger}</arg>
</arguments>
<msg timestamp="20200129 12:03:34.327" level="INFO">Clicking element 'xpath=//*[@id="openmenu"]/span'.</msg>
<status status="PASS" starttime="20200129 12:03:34.326" endtime="20200129 12:03:34.421"></status>
</kw>
<kw name="Sleep" library="BuiltIn">
<doc>Pauses the test executed for the given time.</doc>
<arguments>
<arg>1s</arg>
</arguments>
<msg timestamp="20200129 12:03:35.423" level="INFO">Slept 1 second</msg>
<status status="PASS" starttime="20200129 12:03:34.421" endtime="20200129 12:03:35.423"></status>
</kw>
<status status="PASS" starttime="20200129 12:03:34.326" endtime="20200129 12:03:35.423"></status>
</kw>
<kw name="AND เลือกผู้ดูแลระบบ" library="Keywords">
<kw name="Click Element" library="Selenium2Library">
<doc>Click the element identified by ``locator``.</doc>
<arguments>
<arg>${menu_list_admin}</arg>
</arguments>
<msg timestamp="20200129 12:03:35.426" level="INFO">Clicking element 'xpath=//*[@id="jetsContent"]/li[4]'.</msg>
<status status="PASS" starttime="20200129 12:03:35.425" endtime="20200129 12:03:36.045"></status>
</kw>
<kw name="Sleep" library="BuiltIn">
<doc>Pauses the test executed for the given time.</doc>
<arguments>
<arg>1s</arg>
</arguments>
<msg timestamp="20200129 12:03:37.047" level="INFO">Slept 1 second</msg>
<status status="PASS" starttime="20200129 12:03:36.045" endtime="20200129 12:03:37.047"></status>
</kw>
<status status="PASS" starttime="20200129 12:03:35.424" endtime="20200129 12:03:37.047"></status>
</kw>
<kw name="AND เลือกนักเรียน" library="Keywords">
<kw name="Click Element" library="Selenium2Library">
<doc>Click the element identified by ``locator``.</doc>
<arguments>
<arg>${btn_menu_student}</arg>
</arguments>
<msg timestamp="20200129 12:03:37.048" level="INFO">Clicking element 'xpath=//*[@id="student"]'.</msg>
<status status="PASS" starttime="20200129 12:03:37.048" endtime="20200129 12:03:37.107"></status>
</kw>
<kw name="Sleep" library="BuiltIn">
<doc>Pauses the test executed for the given time.</doc>
<arguments>
<arg>1s</arg>
</arguments>
<msg timestamp="20200129 12:03:38.109" level="INFO">Slept 1 second</msg>
<status status="PASS" starttime="20200129 12:03:37.107" endtime="20200129 12:03:38.109"></status>
</kw>
<status status="PASS" starttime="20200129 12:03:37.048" endtime="20200129 12:03:38.109"></status>
</kw>
<kw name="AND เลือกเมนูแสดงผลการสอบ" library="Keywords">
<kw name="Click Element" library="Selenium2Library">
<doc>Click the element identified by ``locator``.</doc>
<arguments>
<arg>${btn_menu_review}</arg>
</arguments>
<msg timestamp="20200129 12:03:38.111" level="INFO">Clicking element 'xpath=//*[@id="exam-review"]'.</msg>
<status status="PASS" starttime="20200129 12:03:38.111" endtime="20200129 12:03:38.483"></status>
</kw>
<kw name="Sleep" library="BuiltIn">
<doc>Pauses the test executed for the given time.</doc>
<arguments>
<arg>1s</arg>
</arguments>
<msg timestamp="20200129 12:03:39.485" level="INFO">Slept 1 second</msg>
<status status="PASS" starttime="20200129 12:03:38.484" endtime="20200129 12:03:39.485"></status>
</kw>
<status status="PASS" starttime="20200129 12:03:38.110" endtime="20200129 12:03:39.485"></status>
</kw>
<kw name="AND กรอกข้อมูลช่องค้นหา &quot;101&quot;" library="Keywords-review">
<kw name="Input Text" library="Selenium2Library">
<doc>Types the given ``text`` into the text field identified by ``locator``.</doc>
<arguments>
<arg>${search}</arg>
<arg>${detail}</arg>
</arguments>
<msg timestamp="20200129 12:03:39.485" level="INFO">Typing text '101' into text field 'xpath=//*[@id="dataTable3_filter"]/label/input'.</msg>
<status status="PASS" starttime="20200129 12:03:39.485" endtime="20200129 12:03:39.562"></status>
</kw>
<kw name="Sleep" library="BuiltIn">
<doc>Pauses the test executed for the given time.</doc>
<arguments>
<arg>1s</arg>
</arguments>
<msg timestamp="20200129 12:03:40.562" level="INFO">Slept 1 second</msg>
<status status="PASS" starttime="20200129 12:03:39.562" endtime="20200129 12:03:40.562"></status>
</kw>
<status status="PASS" starttime="20200129 12:03:39.485" endtime="20200129 12:03:40.562"></status>
</kw>
<kw name="THEN ปิดเบราว์เซอร์" library="Keywords">
<kw name="Close Browser" library="Selenium2Library">
<doc>Closes the current browser.</doc>
<status status="PASS" starttime="20200129 12:03:40.563" endtime="20200129 12:03:42.626"></status>
</kw>
<status status="PASS" starttime="20200129 12:03:40.563" endtime="20200129 12:03:42.626"></status>
</kw>
<tags>
<tag>PASS</tag>
</tags>
<status status="PASS" starttime="20200129 12:03:23.087" endtime="20200129 12:03:42.627" critical="yes"></status>
</test>
<test id="s1-t5" name="TC05-25 หน้าจอแสดงผลการสอบสามารถกดปุ่มเพื่อจัดการรายวิชาเพิ่มเติมได้ และแสดงข้อมูลตามรายวิชาถูกต้อง">
<kw name="Given เปิดเบราว์เซอร์" library="Keywords">
<kw name="Open Browser" library="Selenium2Library">
<doc>Opens a new browser instance to the optional ``url``.</doc>
<arguments>
<arg>${url}</arg>
<arg>chrome</arg>
</arguments>
<msg timestamp="20200129 12:03:42.635" level="INFO">Opening browser 'chrome' to base url 'https://10.80.39.17/TSP60/Thepd-nu/index.php/gear'.</msg>
<status status="PASS" starttime="20200129 12:03:42.635" endtime="20200129 12:03:47.795"></status>
</kw>
<kw name="Click Element" library="Selenium2Library">
<doc>Click the element identified by ``locator``.</doc>
<arguments>
<arg>${btn_advanced}</arg>
</arguments>
<msg timestamp="20200129 12:03:47.795" level="INFO">Clicking element 'xpath=//*[@id="details-button"]'.</msg>
<status status="PASS" starttime="20200129 12:03:47.795" endtime="20200129 12:03:47.841"></status>
</kw>
<kw name="Click Element" library="Selenium2Library">
<doc>Click the element identified by ``locator``.</doc>
<arguments>
<arg>${btn_proceed_linkl}</arg>
</arguments>
<msg timestamp="20200129 12:03:47.841" level="INFO">Clicking element 'xpath=//*[@id="proceed-link"]'.</msg>
<status status="PASS" starttime="20200129 12:03:47.841" endtime="20200129 12:03:48.180"></status>
</kw>
<kw name="Maximize Browser Window" library="Selenium2Library">
<doc>Maximizes current browser window.</doc>
<status status="PASS" starttime="20200129 12:03:48.180" endtime="20200129 12:03:52.303"></status>
</kw>
<status status="PASS" starttime="20200129 12:03:42.634" endtime="20200129 12:03:52.303"></status>
</kw>
<kw name="AND เข้าสู่ระบบกรอกด้วย &quot;60160345&quot; และ &quot;60160345&quot;" library="Keywords">
<kw name="Input Text" library="Selenium2Library">
<doc>Types the given ``text`` into the text field identified by ``locator``.</doc>
<arguments>
<arg>${input_username}</arg>
<arg>${username}</arg>
</arguments>
<msg timestamp="20200129 12:03:52.304" level="INFO">Typing text '60160345' into text field 'xpath=//*[@id="validate-form"]/div[1]/div/div/input'.</msg>
<status status="PASS" starttime="20200129 12:03:52.304" endtime="20200129 12:03:52.386"></status>
</kw>
<kw name="Input Text" library="Selenium2Library">
<doc>Types the given ``text`` into the text field identified by ``locator``.</doc>
<arguments>
<arg>${input_password}</arg>
<arg>${password}</arg>
</arguments>
<msg timestamp="20200129 12:03:52.386" level="INFO">Typing text '60160345' into text field 'xpath=//*[@id="exampleInputPassword1"]'.</msg>
<status status="PASS" starttime="20200129 12:03:52.386" endtime="20200129 12:03:52.459"></status>
</kw>
<kw name="Sleep" library="BuiltIn">
<doc>Pauses the test executed for the given time.</doc>
<arguments>
<arg>1s</arg>
</arguments>
<msg timestamp="20200129 12:03:53.460" level="INFO">Slept 1 second</msg>
<status status="PASS" starttime="20200129 12:03:52.460" endtime="20200129 12:03:53.460"></status>
</kw>
<status status="PASS" starttime="20200129 12:03:52.303" endtime="20200129 12:03:53.460"></status>
</kw>
<kw name="AND กดปุ่มเข้าสู่ระบบ" library="Keywords">
<kw name="Click Element" library="Selenium2Library">
<doc>Click the element identified by ``locator``.</doc>
<arguments>
<arg>${btn_login}</arg>
</arguments>
<msg timestamp="20200129 12:03:53.462" level="INFO">Clicking element 'xpath=//*[@id="validate-form"]/input'.</msg>
<status status="PASS" starttime="20200129 12:03:53.462" endtime="20200129 12:03:54.906"></status>
</kw>
<kw name="Sleep" library="BuiltIn">
<doc>Pauses the test executed for the given time.</doc>
<arguments>
<arg>1s</arg>
</arguments>
<msg timestamp="20200129 12:03:55.909" level="INFO">Slept 1 second</msg>
<status status="PASS" starttime="20200129 12:03:54.906" endtime="20200129 12:03:55.909"></status>
</kw>
<status status="PASS" starttime="20200129 12:03:53.461" endtime="20200129 12:03:55.909"></status>
</kw>
<kw name="AND เลือกเมนู" library="Keywords">
<kw name="Click Element" library="Selenium2Library">
<doc>Click the element identified by ``locator``.</doc>
<arguments>
<arg>${btn_hamburger}</arg>
</arguments>
<msg timestamp="20200129 12:03:55.910" level="INFO">Clicking element 'xpath=//*[@id="openmenu"]/span'.</msg>
<status status="PASS" starttime="20200129 12:03:55.910" endtime="20200129 12:03:55.985"></status>
</kw>
<kw name="Sleep" library="BuiltIn">
<doc>Pauses the test executed for the given time.</doc>
<arguments>
<arg>1s</arg>
</arguments>
<msg timestamp="20200129 12:03:56.986" level="INFO">Slept 1 second</msg>
<status status="PASS" starttime="20200129 12:03:55.986" endtime="20200129 12:03:56.986"></status>
</kw>
<status status="PASS" starttime="20200129 12:03:55.910" endtime="20200129 12:03:56.986"></status>
</kw>
<kw name="AND เลือกผู้ดูแลระบบ" library="Keywords">
<kw name="Click Element" library="Selenium2Library">
<doc>Click the element identified by ``locator``.</doc>
<arguments>
<arg>${menu_list_admin}</arg>
</arguments>
<msg timestamp="20200129 12:03:56.987" level="INFO">Clicking element 'xpath=//*[@id="jetsContent"]/li[4]'.</msg>
<status status="PASS" starttime="20200129 12:03:56.987" endtime="20200129 12:03:57.514"></status>
</kw>
<kw name="Sleep" library="BuiltIn">
<doc>Pauses the test executed for the given time.</doc>
<arguments>
<arg>1s</arg>
</arguments>
<msg timestamp="20200129 12:03:58.514" level="INFO">Slept 1 second</msg>
<status status="PASS" starttime="20200129 12:03:57.514" endtime="20200129 12:03:58.514"></status>
</kw>
<status status="PASS" starttime="20200129 12:03:56.987" endtime="20200129 12:03:58.514"></status>
</kw>
<kw name="AND เลือกนักเรียน" library="Keywords">
<kw name="Click Element" library="Selenium2Library">
<doc>Click the element identified by ``locator``.</doc>
<arguments>
<arg>${btn_menu_student}</arg>
</arguments>
<msg timestamp="20200129 12:03:58.515" level="INFO">Clicking element 'xpath=//*[@id="student"]'.</msg>
<status status="PASS" starttime="20200129 12:03:58.515" endtime="20200129 12:03:58.565"></status>
</kw>
<kw name="Sleep" library="BuiltIn">
<doc>Pauses the test executed for the given time.</doc>
<arguments>
<arg>1s</arg>
</arguments>
<msg timestamp="20200129 12:03:59.566" level="INFO">Slept 1 second</msg>
<status status="PASS" starttime="20200129 12:03:58.565" endtime="20200129 12:03:59.566"></status>
</kw>
<status status="PASS" starttime="20200129 12:03:58.515" endtime="20200129 12:03:59.566"></status>
</kw>
<kw name="AND เลือกเมนูแสดงผลการสอบ" library="Keywords">
<kw name="Click Element" library="Selenium2Library">
<doc>Click the element identified by ``locator``.</doc>
<arguments>
<arg>${btn_menu_review}</arg>
</arguments>
<msg timestamp="20200129 12:03:59.568" level="INFO">Clicking element 'xpath=//*[@id="exam-review"]'.</msg>
<status status="PASS" starttime="20200129 12:03:59.568" endtime="20200129 12:03:59.934"></status>
</kw>
<kw name="Sleep" library="BuiltIn">
<doc>Pauses the test executed for the given time.</doc>
<arguments>
<arg>1s</arg>
</arguments>
<msg timestamp="20200129 12:04:00.935" level="INFO">Slept 1 second</msg>
<status status="PASS" starttime="20200129 12:03:59.934" endtime="20200129 12:04:00.935"></status>
</kw>
<status status="PASS" starttime="20200129 12:03:59.568" endtime="20200129 12:04:00.935"></status>
</kw>
<kw name="AND กดปุ่มแสดงรายละเอียดการสอบ" library="Keywords-review">
<kw name="Click Element" library="Selenium2Library">
<doc>Click the element identified by ``locator``.</doc>
<arguments>
<arg>${btn_show_list_exam_review}</arg>
</arguments>
<msg timestamp="20200129 12:04:00.937" level="INFO">Clicking element 'xpath=//*[@id="dataTable3"]/tbody/tr/td[6]/center/a'.</msg>
<status status="PASS" starttime="20200129 12:04:00.936" endtime="20200129 12:04:01.333"></status>
</kw>
<kw name="Sleep" library="BuiltIn">
<doc>Pauses the test executed for the given time.</doc>
<arguments>
<arg>1s</arg>
</arguments>
<msg timestamp="20200129 12:04:02.334" level="INFO">Slept 1 second</msg>
<status status="PASS" starttime="20200129 12:04:01.333" endtime="20200129 12:04:02.334"></status>
</kw>
<status status="PASS" starttime="20200129 12:04:00.936" endtime="20200129 12:04:02.334"></status>
</kw>
<kw name="THEN ปิดเบราว์เซอร์" library="Keywords">
<kw name="Close Browser" library="Selenium2Library">
<doc>Closes the current browser.</doc>
<status status="PASS" starttime="20200129 12:04:02.335" endtime="20200129 12:04:04.399"></status>
</kw>
<status status="PASS" starttime="20200129 12:04:02.335" endtime="20200129 12:04:04.399"></status>
</kw>
<tags>
<tag>PASS</tag>
</tags>
<status status="PASS" starttime="20200129 12:03:42.630" endtime="20200129 12:04:04.401" critical="yes"></status>
</test>
<test id="s1-t6" name="TC05-29 หน้าจอแสดงรายการการสอบสามารถกดปุ่มดรอปดาวน์เพื่อเลือกประเภทการสอบได้ และแสดงข้อมูลตามประเภทผ่านทางหน้าจอถูกต้อง">
<kw name="Given เปิดเบราว์เซอร์" library="Keywords">
<kw name="Open Browser" library="Selenium2Library">
<doc>Opens a new browser instance to the optional ``url``.</doc>
<arguments>
<arg>${url}</arg>
<arg>chrome</arg>
</arguments>
<msg timestamp="20200129 12:04:04.414" level="INFO">Opening browser 'chrome' to base url 'https://10.80.39.17/TSP60/Thepd-nu/index.php/gear'.</msg>
<status status="PASS" starttime="20200129 12:04:04.413" endtime="20200129 12:04:09.557"></status>
</kw>
<kw name="Click Element" library="Selenium2Library">
<doc>Click the element identified by ``locator``.</doc>
<arguments>
<arg>${btn_advanced}</arg>
</arguments>
<msg timestamp="20200129 12:04:09.558" level="INFO">Clicking element 'xpath=//*[@id="details-button"]'.</msg>
<status status="PASS" starttime="20200129 12:04:09.558" endtime="20200129 12:04:09.616"></status>
</kw>
<kw name="Click Element" library="Selenium2Library">
<doc>Click the element identified by ``locator``.</doc>
<arguments>
<arg>${btn_proceed_linkl}</arg>
</arguments>
<msg timestamp="20200129 12:04:09.616" level="INFO">Clicking element 'xpath=//*[@id="proceed-link"]'.</msg>
<status status="PASS" starttime="20200129 12:04:09.616" endtime="20200129 12:04:09.936"></status>
</kw>
<kw name="Maximize Browser Window" library="Selenium2Library">
<doc>Maximizes current browser window.</doc>
<status status="PASS" starttime="20200129 12:04:09.936" endtime="20200129 12:04:14.056"></status>
</kw>
<status status="PASS" starttime="20200129 12:04:04.413" endtime="20200129 12:04:14.056"></status>
</kw>
<kw name="AND เข้าสู่ระบบกรอกด้วย &quot;60160345&quot; และ &quot;60160345&quot;" library="Keywords">
<kw name="Input Text" library="Selenium2Library">
<doc>Types the given ``text`` into the text field identified by ``locator``.</doc>
<arguments>
<arg>${input_username}</arg>
<arg>${username}</arg>
</arguments>
<msg timestamp="20200129 12:04:14.057" level="INFO">Typing text '60160345' into text field 'xpath=//*[@id="validate-form"]/div[1]/div/div/input'.</msg>
<status status="PASS" starttime="20200129 12:04:14.057" endtime="20200129 12:04:14.140"></status>
</kw>
<kw name="Input Text" library="Selenium2Library">
<doc>Types the given ``text`` into the text field identified by ``locator``.</doc>
<arguments>
<arg>${input_password}</arg>
<arg>${password}</arg>
</arguments>
<msg timestamp="20200129 12:04:14.141" level="INFO">Typing text '60160345' into text field 'xpath=//*[@id="exampleInputPassword1"]'.</msg>
<status status="PASS" starttime="20200129 12:04:14.141" endtime="20200129 12:04:14.221"></status>
</kw>
<kw name="Sleep" library="BuiltIn">
<doc>Pauses the test executed for the given time.</doc>
<arguments>
<arg>1s</arg>
</arguments>
<msg timestamp="20200129 12:04:15.222" level="INFO">Slept 1 second</msg>
<status status="PASS" starttime="20200129 12:04:14.222" endtime="20200129 12:04:15.222"></status>
</kw>
<status status="PASS" starttime="20200129 12:04:14.057" endtime="20200129 12:04:15.222"></status>
</kw>
<kw name="AND กดปุ่มเข้าสู่ระบบ" library="Keywords">
<kw name="Click Element" library="Selenium2Library">
<doc>Click the element identified by ``locator``.</doc>
<arguments>
<arg>${btn_login}</arg>
</arguments>
<msg timestamp="20200129 12:04:15.224" level="INFO">Clicking element 'xpath=//*[@id="validate-form"]/input'.</msg>
<status status="PASS" starttime="20200129 12:04:15.224" endtime="20200129 12:04:16.638"></status>
</kw>
<kw name="Sleep" library="BuiltIn">
<doc>Pauses the test executed for the given time.</doc>
<arguments>
<arg>1s</arg>
</arguments>
<msg timestamp="20200129 12:04:17.640" level="INFO">Slept 1 second</msg>
<status status="PASS" starttime="20200129 12:04:16.638" endtime="20200129 12:04:17.640"></status>
</kw>
<status status="PASS" starttime="20200129 12:04:15.223" endtime="20200129 12:04:17.640"></status>
</kw>
<kw name="AND เลือกเมนู" library="Keywords">
<kw name="Click Element" library="Selenium2Library">
<doc>Click the element identified by ``locator``.</doc>
<arguments>
<arg>${btn_hamburger}</arg>
</arguments>
<msg timestamp="20200129 12:04:17.642" level="INFO">Clicking element 'xpath=//*[@id="openmenu"]/span'.</msg>
<status status="PASS" starttime="20200129 12:04:17.642" endtime="20200129 12:04:17.720"></status>
</kw>
<kw name="Sleep" library="BuiltIn">
<doc>Pauses the test executed for the given time.</doc>
<arguments>
<arg>1s</arg>
</arguments>
<msg timestamp="20200129 12:04:18.720" level="INFO">Slept 1 second</msg>
<status status="PASS" starttime="20200129 12:04:17.720" endtime="20200129 12:04:18.720"></status>
</kw>
<status status="PASS" starttime="20200129 12:04:17.642" endtime="20200129 12:04:18.720"></status>
</kw>
<kw name="AND เลือกผู้ดูแลระบบ" library="Keywords">
<kw name="Click Element" library="Selenium2Library">
<doc>Click the element identified by ``locator``.</doc>
<arguments>
<arg>${menu_list_admin}</arg>
</arguments>
<msg timestamp="20200129 12:04:18.721" level="INFO">Clicking element 'xpath=//*[@id="jetsContent"]/li[4]'.</msg>
<status status="PASS" starttime="20200129 12:04:18.721" endtime="20200129 12:04:19.209"></status>
</kw>
<kw name="Sleep" library="BuiltIn">
<doc>Pauses the test executed for the given time.</doc>
<arguments>
<arg>1s</arg>
</arguments>
<msg timestamp="20200129 12:04:20.210" level="INFO">Slept 1 second</msg>
<status status="PASS" starttime="20200129 12:04:19.209" endtime="20200129 12:04:20.210"></status>
</kw>
<status status="PASS" starttime="20200129 12:04:18.721" endtime="20200129 12:04:20.210"></status>
</kw>
<kw name="AND เลือกนักเรียน" library="Keywords">
<kw name="Click Element" library="Selenium2Library">
<doc>Click the element identified by ``locator``.</doc>
<arguments>
<arg>${btn_menu_student}</arg>
</arguments>
<msg timestamp="20200129 12:04:20.212" level="INFO">Clicking element 'xpath=//*[@id="student"]'.</msg>
<status status="PASS" starttime="20200129 12:04:20.212" endtime="20200129 12:04:20.273"></status>
</kw>
<kw name="Sleep" library="BuiltIn">
<doc>Pauses the test executed for the given time.</doc>
<arguments>
<arg>1s</arg>
</arguments>
<msg timestamp="20200129 12:04:21.274" level="INFO">Slept 1 second</msg>
<status status="PASS" starttime="20200129 12:04:20.273" endtime="20200129 12:04:21.274"></status>
</kw>
<status status="PASS" starttime="20200129 12:04:20.211" endtime="20200129 12:04:21.274"></status>
</kw>
<kw name="AND เลือกเมนูแสดงผลการสอบ" library="Keywords">
<kw name="Click Element" library="Selenium2Library">
<doc>Click the element identified by ``locator``.</doc>
<arguments>
<arg>${btn_menu_review}</arg>
</arguments>
<msg timestamp="20200129 12:04:21.275" level="INFO">Clicking element 'xpath=//*[@id="exam-review"]'.</msg>
<status status="PASS" starttime="20200129 12:04:21.275" endtime="20200129 12:04:21.650"></status>
</kw>
<kw name="Sleep" library="BuiltIn">
<doc>Pauses the test executed for the given time.</doc>
<arguments>
<arg>1s</arg>
</arguments>
<msg timestamp="20200129 12:04:22.651" level="INFO">Slept 1 second</msg>
<status status="PASS" starttime="20200129 12:04:21.650" endtime="20200129 12:04:22.651"></status>
</kw>
<status status="PASS" starttime="20200129 12:04:21.275" endtime="20200129 12:04:22.651"></status>
</kw>
<kw name="AND เลือกปีการศึกษา 2562" library="Keywords-review">
<kw name="Select From List By Value" library="Selenium2Library">
<doc>Selects options from selection list ``locator`` by ``values``.</doc>
<arguments>
<arg>${selector_year}</arg>
<arg>${year}</arg>
</arguments>
<msg timestamp="20200129 12:04:22.653" level="INFO">Selecting options from selection list 'xpath=//*[@id="select_crs_year"]' by value 2562.</msg>
<status status="PASS" starttime="20200129 12:04:22.653" endtime="20200129 12:04:22.737"></status>
</kw>
<kw name="Sleep" library="BuiltIn">
<doc>Pauses the test executed for the given time.</doc>
<arguments>
<arg>1s</arg>
</arguments>
<msg timestamp="20200129 12:04:23.739" level="INFO">Slept 1 second</msg>
<status status="PASS" starttime="20200129 12:04:22.737" endtime="20200129 12:04:23.739"></status>
</kw>
<status status="PASS" starttime="20200129 12:04:22.652" endtime="20200129 12:04:23.739"></status>
</kw>
<kw name="AND เลือกภาคการศึกษา 1" library="Keywords-review">
<kw name="Select From List By Value" library="Selenium2Library">
<doc>Selects options from selection list ``locator`` by ``values``.</doc>
<arguments>
<arg>${selector_term}</arg>
<arg>${term}</arg>
</arguments>
<msg timestamp="20200129 12:04:23.741" level="INFO">Selecting options from selection list 'xpath=//*[@id="select_crs_term"]' by value 1.</msg>
<status status="PASS" starttime="20200129 12:04:23.741" endtime="20200129 12:04:23.818"></status>
</kw>
<kw name="Sleep" library="BuiltIn">
<doc>Pauses the test executed for the given time.</doc>
<arguments>
<arg>1s</arg>
</arguments>
<msg timestamp="20200129 12:04:24.819" level="INFO">Slept 1 second</msg>
<status status="PASS" starttime="20200129 12:04:23.818" endtime="20200129 12:04:24.819"></status>
</kw>
<status status="PASS" starttime="20200129 12:04:23.740" endtime="20200129 12:04:24.820"></status>
</kw>
<kw name="AND กดปุ่มแสดงรายละเอียดการสอบ" library="Keywords-review">
<kw name="Click Element" library="Selenium2Library">
<doc>Click the element identified by ``locator``.</doc>
<arguments>
<arg>${btn_show_list_exam_review}</arg>
</arguments>
<msg timestamp="20200129 12:04:24.824" level="INFO">Clicking element 'xpath=//*[@id="dataTable3"]/tbody/tr/td[6]/center/a'.</msg>
<status status="PASS" starttime="20200129 12:04:24.823" endtime="20200129 12:04:25.191"></status>
</kw>
<kw name="Sleep" library="BuiltIn">
<doc>Pauses the test executed for the given time.</doc>
<arguments>
<arg>1s</arg>
</arguments>
<msg timestamp="20200129 12:04:26.191" level="INFO">Slept 1 second</msg>
<status status="PASS" starttime="20200129 12:04:25.191" endtime="20200129 12:04:26.191"></status>
</kw>
<status status="PASS" starttime="20200129 12:04:24.822" endtime="20200129 12:04:26.191"></status>
</kw>
<kw name="AND เลือกประเภทการสอบ 1" library="Keywords-review">
<kw name="Select From List By Value" library="Selenium2Library">
<doc>Selects options from selection list ``locator`` by ``values``.</doc>
<arguments>
<arg>${select_exam_type}</arg>
<arg>${type}</arg>
</arguments>
<msg timestamp="20200129 12:04:26.194" level="INFO">Selecting options from selection list 'xpath=//*[@id="select_dfe_type"]' by value 1.</msg>
<status status="PASS" starttime="20200129 12:04:26.193" endtime="20200129 12:04:26.267"></status>
</kw>
<kw name="Sleep" library="BuiltIn">
<doc>Pauses the test executed for the given time.</doc>
<arguments>
<arg>1s</arg>
</arguments>
<msg timestamp="20200129 12:04:27.268" level="INFO">Slept 1 second</msg>
<status status="PASS" starttime="20200129 12:04:26.268" endtime="20200129 12:04:27.268"></status>
</kw>
<status status="PASS" starttime="20200129 12:04:26.193" endtime="20200129 12:04:27.269"></status>
</kw>
<kw name="THEN ปิดเบราว์เซอร์" library="Keywords">
<kw name="Close Browser" library="Selenium2Library">
<doc>Closes the current browser.</doc>
<status status="PASS" starttime="20200129 12:04:27.272" endtime="20200129 12:04:29.343"></status>
</kw>
<status status="PASS" starttime="20200129 12:04:27.271" endtime="20200129 12:04:29.343"></status>
</kw>
<tags>
<tag>PASS</tag>
</tags>
<status status="PASS" starttime="20200129 12:04:04.405" endtime="20200129 12:04:29.344" critical="yes"></status>
</test>
<test id="s1-t7" name="TC05-58 หน้าจอแสดงรายการการสอบสามารถกดปุ่มเพื่อแสดงรายงานการสอบตามรายวิชาถูกต้อง">
<kw name="Given เปิดเบราว์เซอร์" library="Keywords">
<kw name="Open Browser" library="Selenium2Library">
<doc>Opens a new browser instance to the optional ``url``.</doc>
<arguments>
<arg>${url}</arg>
<arg>chrome</arg>
</arguments>
<msg timestamp="20200129 12:04:29.350" level="INFO">Opening browser 'chrome' to base url 'https://10.80.39.17/TSP60/Thepd-nu/index.php/gear'.</msg>
<status status="PASS" starttime="20200129 12:04:29.350" endtime="20200129 12:04:34.595"></status>
</kw>
<kw name="Click Element" library="Selenium2Library">
<doc>Click the element identified by ``locator``.</doc>
<arguments>
<arg>${btn_advanced}</arg>
</arguments>
<msg timestamp="20200129 12:04:34.595" level="INFO">Clicking element 'xpath=//*[@id="details-button"]'.</msg>
<status status="PASS" starttime="20200129 12:04:34.595" endtime="20200129 12:04:34.654"></status>
</kw>
<kw name="Click Element" library="Selenium2Library">
<doc>Click the element identified by ``locator``.</doc>
<arguments>
<arg>${btn_proceed_linkl}</arg>
</arguments>
<msg timestamp="20200129 12:04:34.654" level="INFO">Clicking element 'xpath=//*[@id="proceed-link"]'.</msg>
<status status="PASS" starttime="20200129 12:04:34.654" endtime="20200129 12:04:35.012"></status>
</kw>
<kw name="Maximize Browser Window" library="Selenium2Library">
<doc>Maximizes current browser window.</doc>
<status status="PASS" starttime="20200129 12:04:35.012" endtime="20200129 12:04:39.132"></status>
</kw>
<status status="PASS" starttime="20200129 12:04:29.350" endtime="20200129 12:04:39.132"></status>
</kw>
<kw name="AND เข้าสู่ระบบกรอกด้วย &quot;60160345&quot; และ &quot;60160345&quot;" library="Keywords">
<kw name="Input Text" library="Selenium2Library">
<doc>Types the given ``text`` into the text field identified by ``locator``.</doc>
<arguments>
<arg>${input_username}</arg>
<arg>${username}</arg>
</arguments>
<msg timestamp="20200129 12:04:39.133" level="INFO">Typing text '60160345' into text field 'xpath=//*[@id="validate-form"]/div[1]/div/div/input'.</msg>
<status status="PASS" starttime="20200129 12:04:39.133" endtime="20200129 12:04:39.228"></status>
</kw>
<kw name="Input Text" library="Selenium2Library">
<doc>Types the given ``text`` into the text field identified by ``locator``.</doc>
<arguments>
<arg>${input_password}</arg>
<arg>${password}</arg>
</arguments>
<msg timestamp="20200129 12:04:39.228" level="INFO">Typing text '60160345' into text field 'xpath=//*[@id="exampleInputPassword1"]'.</msg>
<status status="PASS" starttime="20200129 12:04:39.228" endtime="20200129 12:04:39.300"></status>
</kw>
<kw name="Sleep" library="BuiltIn">
<doc>Pauses the test executed for the given time.</doc>
<arguments>
<arg>1s</arg>
</arguments>
<msg timestamp="20200129 12:04:40.302" level="INFO">Slept 1 second</msg>
<status status="PASS" starttime="20200129 12:04:39.300" endtime="20200129 12:04:40.302"></status>
</kw>
<status status="PASS" starttime="20200129 12:04:39.132" endtime="20200129 12:04:40.302"></status>
</kw>
<kw name="AND กดปุ่มเข้าสู่ระบบ" library="Keywords">
<kw name="Click Element" library="Selenium2Library">
<doc>Click the element identified by ``locator``.</doc>
<arguments>
<arg>${btn_login}</arg>
</arguments>
<msg timestamp="20200129 12:04:40.303" level="INFO">Clicking element 'xpath=//*[@id="validate-form"]/input'.</msg>
<status status="PASS" starttime="20200129 12:04:40.303" endtime="20200129 12:04:41.996"></status>
</kw>
<kw name="Sleep" library="BuiltIn">
<doc>Pauses the test executed for the given time.</doc>
<arguments>
<arg>1s</arg>
</arguments>
<msg timestamp="20200129 12:04:42.998" level="INFO">Slept 1 second</msg>
<status status="PASS" starttime="20200129 12:04:41.996" endtime="20200129 12:04:42.998"></status>
</kw>
<status status="PASS" starttime="20200129 12:04:40.303" endtime="20200129 12:04:42.998"></status>
</kw>
<kw name="AND เลือกเมนู" library="Keywords">
<kw name="Click Element" library="Selenium2Library">
<doc>Click the element identified by ``locator``.</doc>
<arguments>
<arg>${btn_hamburger}</arg>
</arguments>
<msg timestamp="20200129 12:04:42.999" level="INFO">Clicking element 'xpath=//*[@id="openmenu"]/span'.</msg>
<status status="PASS" starttime="20200129 12:04:42.999" endtime="20200129 12:04:43.067"></status>
</kw>
<kw name="Sleep" library="BuiltIn">
<doc>Pauses the test executed for the given time.</doc>
<arguments>
<arg>1s</arg>
</arguments>
<msg timestamp="20200129 12:04:44.068" level="INFO">Slept 1 second</msg>
<status status="PASS" starttime="20200129 12:04:43.067" endtime="20200129 12:04:44.068"></status>
</kw>
<status status="PASS" starttime="20200129 12:04:42.999" endtime="20200129 12:04:44.068"></status>
</kw>
<kw name="AND เลือกผู้ดูแลระบบ" library="Keywords">
<kw name="Click Element" library="Selenium2Library">
<doc>Click the element identified by ``locator``.</doc>
<arguments>
<arg>${menu_list_admin}</arg>
</arguments>
<msg timestamp="20200129 12:04:44.069" level="INFO">Clicking element 'xpath=//*[@id="jetsContent"]/li[4]'.</msg>
<status status="PASS" starttime="20200129 12:04:44.069" endtime="20200129 12:04:44.566"></status>
</kw>
<kw name="Sleep" library="BuiltIn">
<doc>Pauses the test executed for the given time.</doc>
<arguments>
<arg>1s</arg>
</arguments>
<msg timestamp="20200129 12:04:45.567" level="INFO">Slept 1 second</msg>
<status status="PASS" starttime="20200129 12:04:44.567" endtime="20200129 12:04:45.567"></status>
</kw>
<status status="PASS" starttime="20200129 12:04:44.069" endtime="20200129 12:04:45.567"></status>
</kw>
<kw name="AND เลือกนักเรียน" library="Keywords">
<kw name="Click Element" library="Selenium2Library">
<doc>Click the element identified by ``locator``.</doc>
<arguments>
<arg>${btn_menu_student}</arg>
</arguments>
<msg timestamp="20200129 12:04:45.569" level="INFO">Clicking element 'xpath=//*[@id="student"]'.</msg>
<status status="PASS" starttime="20200129 12:04:45.569" endtime="20200129 12:04:45.634"></status>
</kw>
<kw name="Sleep" library="BuiltIn">
<doc>Pauses the test executed for the given time.</doc>
<arguments>
<arg>1s</arg>
</arguments>
<msg timestamp="20200129 12:04:46.634" level="INFO">Slept 1 second</msg>
<status status="PASS" starttime="20200129 12:04:45.634" endtime="20200129 12:04:46.634"></status>
</kw>
<status status="PASS" starttime="20200129 12:04:45.568" endtime="20200129 12:04:46.634"></status>
</kw>
<kw name="AND เลือกเมนูแสดงผลการสอบ" library="Keywords">
<kw name="Click Element" library="Selenium2Library">
<doc>Click the element identified by ``locator``.</doc>
<arguments>
<arg>${btn_menu_review}</arg>
</arguments>
<msg timestamp="20200129 12:04:46.635" level="INFO">Clicking element 'xpath=//*[@id="exam-review"]'.</msg>
<status status="PASS" starttime="20200129 12:04:46.635" endtime="20200129 12:04:47.000"></status>
</kw>
<kw name="Sleep" library="BuiltIn">
<doc>Pauses the test executed for the given time.</doc>
<arguments>
<arg>1s</arg>
</arguments>
<msg timestamp="20200129 12:04:48.001" level="INFO">Slept 1 second</msg>
<status status="PASS" starttime="20200129 12:04:47.000" endtime="20200129 12:04:48.001"></status>
</kw>
<status status="PASS" starttime="20200129 12:04:46.635" endtime="20200129 12:04:48.001"></status>
</kw>
<kw name="AND เลือกปีการศึกษา 2562" library="Keywords-review">
<kw name="Select From List By Value" library="Selenium2Library">
<doc>Selects options from selection list ``locator`` by ``values``.</doc>
<arguments>
<arg>${selector_year}</arg>
<arg>${year}</arg>
</arguments>
<msg timestamp="20200129 12:04:48.002" level="INFO">Selecting options from selection list 'xpath=//*[@id="select_crs_year"]' by value 2562.</msg>
<status status="PASS" starttime="20200129 12:04:48.002" endtime="20200129 12:04:48.075"></status>
</kw>
<kw name="Sleep" library="BuiltIn">
<doc>Pauses the test executed for the given time.</doc>
<arguments>
<arg>1s</arg>
</arguments>
<msg timestamp="20200129 12:04:49.078" level="INFO">Slept 1 second</msg>
<status status="PASS" starttime="20200129 12:04:48.076" endtime="20200129 12:04:49.078"></status>
</kw>
<status status="PASS" starttime="20200129 12:04:48.002" endtime="20200129 12:04:49.078"></status>
</kw>
<kw name="AND เลือกภาคการศึกษา 1" library="Keywords-review">
<kw name="Select From List By Value" library="Selenium2Library">
<doc>Selects options from selection list ``locator`` by ``values``.</doc>
<arguments>
<arg>${selector_term}</arg>
<arg>${term}</arg>
</arguments>
<msg timestamp="20200129 12:04:49.079" level="INFO">Selecting options from selection list 'xpath=//*[@id="select_crs_term"]' by value 1.</msg>
<status status="PASS" starttime="20200129 12:04:49.079" endtime="20200129 12:04:49.155"></status>
</kw>
<kw name="Sleep" library="BuiltIn">
<doc>Pauses the test executed for the given time.</doc>
<arguments>
<arg>1s</arg>
</arguments>
<msg timestamp="20200129 12:04:50.157" level="INFO">Slept 1 second</msg>
<status status="PASS" starttime="20200129 12:04:49.156" endtime="20200129 12:04:50.157"></status>
</kw>
<status status="PASS" starttime="20200129 12:04:49.079" endtime="20200129 12:04:50.157"></status>
</kw>
<kw name="AND กดปุ่มแสดงรายละเอียดการสอบ" library="Keywords-review">
<kw name="Click Element" library="Selenium2Library">
<doc>Click the element identified by ``locator``.</doc>
<arguments>
<arg>${btn_show_list_exam_review}</arg>
</arguments>
<msg timestamp="20200129 12:04:50.158" level="INFO">Clicking element 'xpath=//*[@id="dataTable3"]/tbody/tr/td[6]/center/a'.</msg>
<status status="PASS" starttime="20200129 12:04:50.158" endtime="20200129 12:04:50.568"></status>
</kw>
<kw name="Sleep" library="BuiltIn">
<doc>Pauses the test executed for the given time.</doc>
<arguments>
<arg>1s</arg>
</arguments>
<msg timestamp="20200129 12:04:51.570" level="INFO">Slept 1 second</msg>
<status status="PASS" starttime="20200129 12:04:50.568" endtime="20200129 12:04:51.570"></status>
</kw>
<status status="PASS" starttime="20200129 12:04:50.158" endtime="20200129 12:04:51.571"></status>
</kw>
<kw name="AND เลือกประเภทการสอบ 1" library="Keywords-review">
<kw name="Select From List By Value" library="Selenium2Library">
<doc>Selects options from selection list ``locator`` by ``values``.</doc>
<arguments>
<arg>${select_exam_type}</arg>
<arg>${type}</arg>
</arguments>
<msg timestamp="20200129 12:04:51.575" level="INFO">Selecting options from selection list 'xpath=//*[@id="select_dfe_type"]' by value 1.</msg>
<status status="PASS" starttime="20200129 12:04:51.574" endtime="20200129 12:04:51.659"></status>
</kw>
<kw name="Sleep" library="BuiltIn">
<doc>Pauses the test executed for the given time.</doc>
<arguments>
<arg>1s</arg>
</arguments>
<msg timestamp="20200129 12:04:52.659" level="INFO">Slept 1 second</msg>
<status status="PASS" starttime="20200129 12:04:51.659" endtime="20200129 12:04:52.659"></status>
</kw>
<status status="PASS" starttime="20200129 12:04:51.573" endtime="20200129 12:04:52.659"></status>
</kw>
<kw name="AND กดปุ่มแสดงรายละเอียดของคำตอบ" library="Keywords-review">
<kw name="Click Element" library="Selenium2Library">
<doc>Click the element identified by ``locator``.</doc>
<arguments>
<arg>${btn_show_score}</arg>
</arguments>
<msg timestamp="20200129 12:04:52.662" level="INFO">Clicking element 'xpath=//*[@id="dataTable4"]/tbody/tr/td[9]/center/button[1]'.</msg>
<status status="PASS" starttime="20200129 12:04:52.661" endtime="20200129 12:04:52.724"></status>
</kw>
<kw name="Sleep" library="BuiltIn">
<doc>Pauses the test executed for the given time.</doc>
<arguments>
<arg>1s</arg>
</arguments>
<msg timestamp="20200129 12:04:53.725" level="INFO">Slept 1 second</msg>
<status status="PASS" starttime="20200129 12:04:52.724" endtime="20200129 12:04:53.725"></status>
</kw>
<status status="PASS" starttime="20200129 12:04:52.661" endtime="20200129 12:04:53.725"></status>
</kw>
<kw name="THEN ปิดเบราว์เซอร์" library="Keywords">
<kw name="Close Browser" library="Selenium2Library">
<doc>Closes the current browser.</doc>
<status status="PASS" starttime="20200129 12:04:53.727" endtime="20200129 12:04:55.800"></status>
</kw>
<status status="PASS" starttime="20200129 12:04:53.726" endtime="20200129 12:04:55.801"></status>
</kw>
<tags>
<tag>PASS</tag>
</tags>
<status status="PASS" starttime="20200129 12:04:29.346" endtime="20200129 12:04:55.802" critical="yes"></status>
</test>
<test id="s1-t8" name="TC05-62 หน้าจอแสดงรายงานผลการสอบ สามารถกดปุ่มยกเลิกเพื่อลดการแสดงรายการผ่านทางหน้าจอได้">
<kw name="Given เปิดเบราว์เซอร์" library="Keywords">
<kw name="Open Browser" library="Selenium2Library">
<doc>Opens a new browser instance to the optional ``url``.</doc>
<arguments>
<arg>${url}</arg>
<arg>chrome</arg>
</arguments>
<msg timestamp="20200129 12:04:55.808" level="INFO">Opening browser 'chrome' to base url 'https://10.80.39.17/TSP60/Thepd-nu/index.php/gear'.</msg>
<status status="PASS" starttime="20200129 12:04:55.808" endtime="20200129 12:05:00.937"></status>
</kw>
<kw name="Click Element" library="Selenium2Library">
<doc>Click the element identified by ``locator``.</doc>
<arguments>
<arg>${btn_advanced}</arg>
</arguments>
<msg timestamp="20200129 12:05:00.937" level="INFO">Clicking element 'xpath=//*[@id="details-button"]'.</msg>
<status status="PASS" starttime="20200129 12:05:00.937" endtime="20200129 12:05:01.004"></status>
</kw>
<kw name="Click Element" library="Selenium2Library">
<doc>Click the element identified by ``locator``.</doc>
<arguments>
<arg>${btn_proceed_linkl}</arg>
</arguments>
<msg timestamp="20200129 12:05:01.004" level="INFO">Clicking element 'xpath=//*[@id="proceed-link"]'.</msg>
<status status="PASS" starttime="20200129 12:05:01.004" endtime="20200129 12:05:01.329"></status>
</kw>
<kw name="Maximize Browser Window" library="Selenium2Library">
<doc>Maximizes current browser window.</doc>
<status status="PASS" starttime="20200129 12:05:01.329" endtime="20200129 12:05:05.455"></status>
</kw>
<status status="PASS" starttime="20200129 12:04:55.808" endtime="20200129 12:05:05.455"></status>
</kw>
<kw name="AND เข้าสู่ระบบกรอกด้วย &quot;60160345&quot; และ &quot;60160345&quot;" library="Keywords">
<kw name="Input Text" library="Selenium2Library">
<doc>Types the given ``text`` into the text field identified by ``locator``.</doc>
<arguments>
<arg>${input_username}</arg>
<arg>${username}</arg>
</arguments>
<msg timestamp="20200129 12:05:05.456" level="INFO">Typing text '60160345' into text field 'xpath=//*[@id="validate-form"]/div[1]/div/div/input'.</msg>
<status status="PASS" starttime="20200129 12:05:05.456" endtime="20200129 12:05:05.554"></status>
</kw>
<kw name="Input Text" library="Selenium2Library">
<doc>Types the given ``text`` into the text field identified by ``locator``.</doc>
<arguments>
<arg>${input_password}</arg>
<arg>${password}</arg>
</arguments>
<msg timestamp="20200129 12:05:05.554" level="INFO">Typing text '60160345' into text field 'xpath=//*[@id="exampleInputPassword1"]'.</msg>
<status status="PASS" starttime="20200129 12:05:05.554" endtime="20200129 12:05:05.629"></status>
</kw>
<kw name="Sleep" library="BuiltIn">
<doc>Pauses the test executed for the given time.</doc>
<arguments>
<arg>1s</arg>
</arguments>
<msg timestamp="20200129 12:05:06.631" level="INFO">Slept 1 second</msg>
<status status="PASS" starttime="20200129 12:05:05.630" endtime="20200129 12:05:06.631"></status>
</kw>
<status status="PASS" starttime="20200129 12:05:05.456" endtime="20200129 12:05:06.631"></status>
</kw>
<kw name="AND กดปุ่มเข้าสู่ระบบ" library="Keywords">
<kw name="Click Element" library="Selenium2Library">
<doc>Click the element identified by ``locator``.</doc>
<arguments>
<arg>${btn_login}</arg>
</arguments>
<msg timestamp="20200129 12:05:06.632" level="INFO">Clicking element 'xpath=//*[@id="validate-form"]/input'.</msg>
<status status="PASS" starttime="20200129 12:05:06.632" endtime="20200129 12:05:08.131"></status>
</kw>
<kw name="Sleep" library="BuiltIn">
<doc>Pauses the test executed for the given time.</doc>
<arguments>
<arg>1s</arg>
</arguments>
<msg timestamp="20200129 12:05:09.133" level="INFO">Slept 1 second</msg>
<status status="PASS" starttime="20200129 12:05:08.131" endtime="20200129 12:05:09.133"></status>
</kw>
<status status="PASS" starttime="20200129 12:05:06.632" endtime="20200129 12:05:09.133"></status>
</kw>
<kw name="AND เลือกเมนู" library="Keywords">
<kw name="Click Element" library="Selenium2Library">
<doc>Click the element identified by ``locator``.</doc>
<arguments>
<arg>${btn_hamburger}</arg>
</arguments>
<msg timestamp="20200129 12:05:09.135" level="INFO">Clicking element 'xpath=//*[@id="openmenu"]/span'.</msg>
<status status="PASS" starttime="20200129 12:05:09.135" endtime="20200129 12:05:09.209"></status>
</kw>
<kw name="Sleep" library="BuiltIn">
<doc>Pauses the test executed for the given time.</doc>
<arguments>
<arg>1s</arg>
</arguments>
<msg timestamp="20200129 12:05:10.210" level="INFO">Slept 1 second</msg>
<status status="PASS" starttime="20200129 12:05:09.209" endtime="20200129 12:05:10.210"></status>
</kw>
<status status="PASS" starttime="20200129 12:05:09.134" endtime="20200129 12:05:10.210"></status>
</kw>
<kw name="AND เลือกผู้ดูแลระบบ" library="Keywords">
<kw name="Click Element" library="Selenium2Library">
<doc>Click the element identified by ``locator``.</doc>
<arguments>
<arg>${menu_list_admin}</arg>
</arguments>
<msg timestamp="20200129 12:05:10.212" level="INFO">Clicking element 'xpath=//*[@id="jetsContent"]/li[4]'.</msg>
<status status="PASS" starttime="20200129 12:05:10.211" endtime="20200129 12:05:10.707"></status>
</kw>
<kw name="Sleep" library="BuiltIn">
<doc>Pauses the test executed for the given time.</doc>
<arguments>
<arg>1s</arg>
</arguments>
<msg timestamp="20200129 12:05:11.708" level="INFO">Slept 1 second</msg>
<status status="PASS" starttime="20200129 12:05:10.707" endtime="20200129 12:05:11.708"></status>
</kw>
<status status="PASS" starttime="20200129 12:05:10.211" endtime="20200129 12:05:11.708"></status>
</kw>
<kw name="AND เลือกนักเรียน" library="Keywords">
<kw name="Click Element" library="Selenium2Library">
<doc>Click the element identified by ``locator``.</doc>
<arguments>
<arg>${btn_menu_student}</arg>
</arguments>
<msg timestamp="20200129 12:05:11.709" level="INFO">Clicking element 'xpath=//*[@id="student"]'.</msg>
<status status="PASS" starttime="20200129 12:05:11.709" endtime="20200129 12:05:11.760"></status>
</kw>
<kw name="Sleep" library="BuiltIn">
<doc>Pauses the test executed for the given time.</doc>
<arguments>
<arg>1s</arg>
</arguments>
<msg timestamp="20200129 12:05:12.762" level="INFO">Slept 1 second</msg>
<status status="PASS" starttime="20200129 12:05:11.760" endtime="20200129 12:05:12.762"></status>
</kw>
<status status="PASS" starttime="20200129 12:05:11.709" endtime="20200129 12:05:12.762"></status>
</kw>
<kw name="AND เลือกเมนูแสดงผลการสอบ" library="Keywords">
<kw name="Click Element" library="Selenium2Library">
<doc>Click the element identified by ``locator``.</doc>
<arguments>
<arg>${btn_menu_review}</arg>
</arguments>
<msg timestamp="20200129 12:05:12.764" level="INFO">Clicking element 'xpath=//*[@id="exam-review"]'.</msg>
<status status="PASS" starttime="20200129 12:05:12.764" endtime="20200129 12:05:13.131"></status>
</kw>
<kw name="Sleep" library="BuiltIn">
<doc>Pauses the test executed for the given time.</doc>
<arguments>
<arg>1s</arg>
</arguments>
<msg timestamp="20200129 12:05:14.132" level="INFO">Slept 1 second</msg>
<status status="PASS" starttime="20200129 12:05:13.131" endtime="20200129 12:05:14.132"></status>
</kw>
<status status="PASS" starttime="20200129 12:05:12.763" endtime="20200129 12:05:14.132"></status>
</kw>
<kw name="AND เลือกปีการศึกษา 2562" library="Keywords-review">
<kw name="Select From List By Value" library="Selenium2Library">
<doc>Selects options from selection list ``locator`` by ``values``.</doc>
<arguments>
<arg>${selector_year}</arg>
<arg>${year}</arg>
</arguments>
<msg timestamp="20200129 12:05:14.133" level="INFO">Selecting options from selection list 'xpath=//*[@id="select_crs_year"]' by value 2562.</msg>
<status status="PASS" starttime="20200129 12:05:14.133" endtime="20200129 12:05:14.210"></status>
</kw>
<kw name="Sleep" library="BuiltIn">
<doc>Pauses the test executed for the given time.</doc>
<arguments>
<arg>1s</arg>
</arguments>
<msg timestamp="20200129 12:05:15.211" level="INFO">Slept 1 second</msg>
<status status="PASS" starttime="20200129 12:05:14.210" endtime="20200129 12:05:15.211"></status>
</kw>
<status status="PASS" starttime="20200129 12:05:14.133" endtime="20200129 12:05:15.211"></status>
</kw>
<kw name="AND เลือกภาคการศึกษา 1" library="Keywords-review">
<kw name="Select From List By Value" library="Selenium2Library">
<doc>Selects options from selection list ``locator`` by ``values``.</doc>
<arguments>
<arg>${selector_term}</arg>
<arg>${term}</arg>
</arguments>
<msg timestamp="20200129 12:05:15.213" level="INFO">Selecting options from selection list 'xpath=//*[@id="select_crs_term"]' by value 1.</msg>
<status status="PASS" starttime="20200129 12:05:15.212" endtime="20200129 12:05:15.285"></status>
</kw>
<kw name="Sleep" library="BuiltIn">
<doc>Pauses the test executed for the given time.</doc>
<arguments>
<arg>1s</arg>
</arguments>
<msg timestamp="20200129 12:05:16.287" level="INFO">Slept 1 second</msg>
<status status="PASS" starttime="20200129 12:05:15.285" endtime="20200129 12:05:16.287"></status>
</kw>
<status status="PASS" starttime="20200129 12:05:15.212" endtime="20200129 12:05:16.287"></status>
</kw>
<kw name="AND กดปุ่มแสดงรายละเอียดการสอบ" library="Keywords-review">
<kw name="Click Element" library="Selenium2Library">
<doc>Click the element identified by ``locator``.</doc>
<arguments>
<arg>${btn_show_list_exam_review}</arg>
</arguments>
<msg timestamp="20200129 12:05:16.288" level="INFO">Clicking element 'xpath=//*[@id="dataTable3"]/tbody/tr/td[6]/center/a'.</msg>
<status status="PASS" starttime="20200129 12:05:16.288" endtime="20200129 12:05:16.815"></status>
</kw>
<kw name="Sleep" library="BuiltIn">
<doc>Pauses the test executed for the given time.</doc>
<arguments>
<arg>1s</arg>
</arguments>
<msg timestamp="20200129 12:05:17.816" level="INFO">Slept 1 second</msg>
<status status="PASS" starttime="20200129 12:05:16.815" endtime="20200129 12:05:17.816"></status>
</kw>
<status status="PASS" starttime="20200129 12:05:16.288" endtime="20200129 12:05:17.816"></status>
</kw>
<kw name="AND เลือกประเภทการสอบ 1" library="Keywords-review">
<kw name="Select From List By Value" library="Selenium2Library">
<doc>Selects options from selection list ``locator`` by ``values``.</doc>
<arguments>
<arg>${select_exam_type}</arg>
<arg>${type}</arg>
</arguments>
<msg timestamp="20200129 12:05:17.817" level="INFO">Selecting options from selection list 'xpath=//*[@id="select_dfe_type"]' by value 1.</msg>
<status status="PASS" starttime="20200129 12:05:17.817" endtime="20200129 12:05:17.888"></status>
</kw>
<kw name="Sleep" library="BuiltIn">
<doc>Pauses the test executed for the given time.</doc>
<arguments>
<arg>1s</arg>
</arguments>
<msg timestamp="20200129 12:05:18.890" level="INFO">Slept 1 second</msg>
<status status="PASS" starttime="20200129 12:05:17.889" endtime="20200129 12:05:18.890"></status>
</kw>
<status status="PASS" starttime="20200129 12:05:17.816" endtime="20200129 12:05:18.890"></status>
</kw>
<kw name="AND กดปุ่มแสดงรายละเอียดของคำตอบ" library="Keywords-review">
<kw name="Click Element" library="Selenium2Library">
<doc>Click the element identified by ``locator``.</doc>
<arguments>
<arg>${btn_show_score}</arg>
</arguments>
<msg timestamp="20200129 12:05:18.891" level="INFO">Clicking element 'xpath=//*[@id="dataTable4"]/tbody/tr/td[9]/center/button[1]'.</msg>
<status status="PASS" starttime="20200129 12:05:18.891" endtime="20200129 12:05:18.947"></status>
</kw>
<kw name="Sleep" library="BuiltIn">
<doc>Pauses the test executed for the given time.</doc>
<arguments>
<arg>1s</arg>
</arguments>
<msg timestamp="20200129 12:05:19.948" level="INFO">Slept 1 second</msg>
<status status="PASS" starttime="20200129 12:05:18.947" endtime="20200129 12:05:19.948"></status>
</kw>
<status status="PASS" starttime="20200129 12:05:18.891" endtime="20200129 12:05:19.948"></status>
</kw>
<kw name="AND กดปุ่มยกเลิก" library="Keywords">
<kw name="Click Element" library="Selenium2Library">
<doc>Click the element identified by ``locator``.</doc>
<arguments>
<arg>${btn_cancel}</arg>
</arguments>
<msg timestamp="20200129 12:05:19.950" level="INFO">Clicking element 'xpath=//*[@id="footer"]/button'.</msg>
<status status="PASS" starttime="20200129 12:05:19.949" endtime="20200129 12:05:19.996"></status>
</kw>
<kw name="Sleep" library="BuiltIn">
<doc>Pauses the test executed for the given time.</doc>
<arguments>
<arg>1s</arg>
</arguments>
<msg timestamp="20200129 12:05:20.998" level="INFO">Slept 1 second</msg>
<status status="PASS" starttime="20200129 12:05:19.996" endtime="20200129 12:05:20.998"></status>
</kw>
<status status="PASS" starttime="20200129 12:05:19.949" endtime="20200129 12:05:20.998"></status>
</kw>
<kw name="THEN ปิดเบราว์เซอร์" library="Keywords">
<kw name="Close Browser" library="Selenium2Library">
<doc>Closes the current browser.</doc>
<status status="PASS" starttime="20200129 12:05:20.999" endtime="20200129 12:05:23.072"></status>
</kw>
<status status="PASS" starttime="20200129 12:05:20.999" endtime="20200129 12:05:23.072"></status>
</kw>
<tags>
<tag>PASS</tag>
</tags>
<status status="PASS" starttime="20200129 12:04:55.803" endtime="20200129 12:05:23.073" critical="yes"></status>
</test>
<status status="PASS" starttime="20200129 12:02:19.623" endtime="20200129 12:05:23.081"></status>
</suite>
<statistics>
<total>
<stat pass="8" fail="0">Critical Tests</stat>
<stat pass="8" fail="0">All Tests</stat>
</total>
<tag>
<stat pass="8" fail="0">PASS</stat>
</tag>
<suite>
<stat pass="8" fail="0" id="s1" name="แสดงรายงานผลการสอบ">แสดงรายงานผลการสอบ</stat>
</suite>
</statistics>
<errors>
</errors>
</robot>
