<?xml version="1.0" encoding="UTF-8"?>
<robot generator="Robot 3.1.2 (Python 3.8.1 on win32)" generated="20200126 14:38:26.545" rpa="false">
<suite id="s1" name="แสดงรายงานผลการสอบ" source="D:\Team 2\Robot framework\แสดงรายงานผลการสอบ\แสดงรายงานผลการสอบ.robot">
<test id="s1-t1" name="ทดสอบเข้าสู่ระบบ">
<kw name="Given เปิดเบราว์เซอร์" library="Keywords">
<kw name="Open Browser" library="Selenium2Library">
<doc>Opens a new browser instance to the optional ``url``.</doc>
<arguments>
<arg>${url}</arg>
<arg>chrome</arg>
</arguments>
<msg timestamp="20200126 14:38:26.731" level="INFO">Opening browser 'chrome' to base url 'https://10.80.39.17/TSP60/Thepd-nu/index.php/gear'.</msg>
<status status="PASS" starttime="20200126 14:38:26.731" endtime="20200126 14:38:31.961"></status>
</kw>
<kw name="Maximize Browser Window" library="Selenium2Library">
<doc>Maximizes current browser window.</doc>
<status status="PASS" starttime="20200126 14:38:31.961" endtime="20200126 14:38:36.080"></status>
</kw>
<kw name="Click Element" library="Selenium2Library">
<doc>Click the element identified by ``locator``.</doc>
<arguments>
<arg>${btn_advanced}</arg>
</arguments>
<msg timestamp="20200126 14:38:36.080" level="INFO">Clicking element 'xpath=//*[@id="details-button"]'.</msg>
<status status="PASS" starttime="20200126 14:38:36.080" endtime="20200126 14:38:36.122"></status>
</kw>
<kw name="Click Element" library="Selenium2Library">
<doc>Click the element identified by ``locator``.</doc>
<arguments>
<arg>${btn_proceed_linkl}</arg>
</arguments>
<msg timestamp="20200126 14:38:36.122" level="INFO">Clicking element 'xpath=//*[@id="proceed-link"]'.</msg>
<status status="PASS" starttime="20200126 14:38:36.122" endtime="20200126 14:38:36.429"></status>
</kw>
<kw name="Sleep" library="BuiltIn">
<doc>Pauses the test executed for the given time.</doc>
<arguments>
<arg>1s</arg>
</arguments>
<msg timestamp="20200126 14:38:37.431" level="INFO">Slept 1 second</msg>
<status status="PASS" starttime="20200126 14:38:36.429" endtime="20200126 14:38:37.431"></status>
</kw>
<status status="PASS" starttime="20200126 14:38:26.731" endtime="20200126 14:38:37.431"></status>
</kw>
<kw name="AND เข้าสู่ระบบกรอกด้วย &quot;60160345&quot; และ &quot;60160345&quot;" library="Keywords">
<kw name="Input Text" library="Selenium2Library">
<doc>Types the given ``text`` into the text field identified by ``locator``.</doc>
<arguments>
<arg>${input_username}</arg>
<arg>${username}</arg>
</arguments>
<msg timestamp="20200126 14:38:37.432" level="INFO">Typing text '60160345' into text field 'xpath=//*[@id="validate-form"]/div[1]/div/div/input'.</msg>
<status status="PASS" starttime="20200126 14:38:37.432" endtime="20200126 14:38:37.513"></status>
</kw>
<kw name="Sleep" library="BuiltIn">
<doc>Pauses the test executed for the given time.</doc>
<arguments>
<arg>1s</arg>
</arguments>
<msg timestamp="20200126 14:38:38.516" level="INFO">Slept 1 second</msg>
<status status="PASS" starttime="20200126 14:38:37.513" endtime="20200126 14:38:38.516"></status>
</kw>
<kw name="Input Text" library="Selenium2Library">
<doc>Types the given ``text`` into the text field identified by ``locator``.</doc>
<arguments>
<arg>${input_password}</arg>
<arg>${password}</arg>
</arguments>
<msg timestamp="20200126 14:38:38.517" level="INFO">Typing text '60160345' into text field 'xpath=//*[@id="exampleInputPassword1"]'.</msg>
<status status="PASS" starttime="20200126 14:38:38.516" endtime="20200126 14:38:38.590"></status>
</kw>
<kw name="Sleep" library="BuiltIn">
<doc>Pauses the test executed for the given time.</doc>
<arguments>
<arg>1s</arg>
</arguments>
<msg timestamp="20200126 14:38:39.590" level="INFO">Slept 1 second</msg>
<status status="PASS" starttime="20200126 14:38:38.590" endtime="20200126 14:38:39.590"></status>
</kw>
<status status="PASS" starttime="20200126 14:38:37.432" endtime="20200126 14:38:39.590"></status>
</kw>
<kw name="AND กดปุ่มเข้าสู่ระบบ" library="Keywords">
<kw name="Click Element" library="Selenium2Library">
<doc>Click the element identified by ``locator``.</doc>
<arguments>
<arg>${btn_login}</arg>
</arguments>
<msg timestamp="20200126 14:38:39.592" level="INFO">Clicking element 'xpath=//*[@id="validate-form"]/input'.</msg>
<status status="PASS" starttime="20200126 14:38:39.591" endtime="20200126 14:38:41.024"></status>
</kw>
<kw name="Sleep" library="BuiltIn">
<doc>Pauses the test executed for the given time.</doc>
<arguments>
<arg>1s</arg>
</arguments>
<msg timestamp="20200126 14:38:42.025" level="INFO">Slept 1 second</msg>
<status status="PASS" starttime="20200126 14:38:41.024" endtime="20200126 14:38:42.025"></status>
</kw>
<status status="PASS" starttime="20200126 14:38:39.591" endtime="20200126 14:38:42.025"></status>
</kw>
<kw name="AND เข้าสู่ระบบหน้าจอเมนูระบบทำข้อสอบออนไลน์" library="Keywords">
<kw name="Click Element" library="Selenium2Library">
<doc>Click the element identified by ``locator``.</doc>
<arguments>
<arg>${btn_hamburger}</arg>
</arguments>
<msg timestamp="20200126 14:38:42.026" level="INFO">Clicking element 'xpath=//*[@id="openmenu"]/span'.</msg>
<status status="PASS" starttime="20200126 14:38:42.026" endtime="20200126 14:38:42.089"></status>
</kw>
<kw name="Sleep" library="BuiltIn">
<doc>Pauses the test executed for the given time.</doc>
<arguments>
<arg>1s</arg>
</arguments>
<msg timestamp="20200126 14:38:43.090" level="INFO">Slept 1 second</msg>
<status status="PASS" starttime="20200126 14:38:42.089" endtime="20200126 14:38:43.090"></status>
</kw>
<kw name="Click Element" library="Selenium2Library">
<doc>Click the element identified by ``locator``.</doc>
<arguments>
<arg>${menu_list_admin}</arg>
</arguments>
<msg timestamp="20200126 14:38:43.091" level="INFO">Clicking element 'xpath=//*[@id="jetsContent"]/li[4]'.</msg>
<status status="PASS" starttime="20200126 14:38:43.090" endtime="20200126 14:38:43.609"></status>
</kw>
<kw name="Sleep" library="BuiltIn">
<doc>Pauses the test executed for the given time.</doc>
<arguments>
<arg>1s</arg>
</arguments>
<msg timestamp="20200126 14:38:44.609" level="INFO">Slept 1 second</msg>
<status status="PASS" starttime="20200126 14:38:43.609" endtime="20200126 14:38:44.609"></status>
</kw>
<status status="PASS" starttime="20200126 14:38:42.026" endtime="20200126 14:38:44.609"></status>
</kw>
<kw name="AND เลือกผู้ใช้งานเป็นนักเรียน" library="Keywords">
<kw name="Click Element" library="Selenium2Library">
<doc>Click the element identified by ``locator``.</doc>
<arguments>
<arg>${btn_menu_student}</arg>
</arguments>
<msg timestamp="20200126 14:38:44.610" level="INFO">Clicking element 'xpath=//*[@id="student"]'.</msg>
<status status="PASS" starttime="20200126 14:38:44.610" endtime="20200126 14:38:44.660"></status>
</kw>
<kw name="Sleep" library="BuiltIn">
<doc>Pauses the test executed for the given time.</doc>
<arguments>
<arg>1s</arg>
</arguments>
<msg timestamp="20200126 14:38:45.660" level="INFO">Slept 1 second</msg>
<status status="PASS" starttime="20200126 14:38:44.660" endtime="20200126 14:38:45.660"></status>
</kw>
<status status="PASS" starttime="20200126 14:38:44.610" endtime="20200126 14:38:45.661"></status>
</kw>
<kw name="AND เลือกเมนูแสดงรายงานผลการสอบ" library="Keywords">
<kw name="Click Element" library="Selenium2Library">
<doc>Click the element identified by ``locator``.</doc>
<arguments>
<arg>${btn_menu_review}</arg>
</arguments>
<msg timestamp="20200126 14:38:45.665" level="INFO">Clicking element 'xpath=//*[@id="exam-review"]'.</msg>
<status status="PASS" starttime="20200126 14:38:45.664" endtime="20200126 14:38:46.059"></status>
</kw>
<kw name="Sleep" library="BuiltIn">
<doc>Pauses the test executed for the given time.</doc>
<arguments>
<arg>1s</arg>
</arguments>
<msg timestamp="20200126 14:38:47.060" level="INFO">Slept 1 second</msg>
<status status="PASS" starttime="20200126 14:38:46.059" endtime="20200126 14:38:47.060"></status>
</kw>
<status status="PASS" starttime="20200126 14:38:45.663" endtime="20200126 14:38:47.060"></status>
</kw>
<kw name="AND เลือกปีการศึกษา 2562" library="Keywords-review">
<kw name="Select From List By Value" library="Selenium2Library">
<doc>Selects options from selection list ``locator`` by ``values``.</doc>
<arguments>
<arg>${selector_year}</arg>
<arg>${year}</arg>
</arguments>
<msg timestamp="20200126 14:38:47.061" level="INFO">Selecting options from selection list 'xpath=//*[@id="select_crs_year"]' by value 2562.</msg>
<status status="PASS" starttime="20200126 14:38:47.061" endtime="20200126 14:38:47.132"></status>
</kw>
<status status="PASS" starttime="20200126 14:38:47.061" endtime="20200126 14:38:47.132"></status>
</kw>
<kw name="AND เลือกภาคการศึกษา 1" library="Keywords-review">
<kw name="Select From List By Value" library="Selenium2Library">
<doc>Selects options from selection list ``locator`` by ``values``.</doc>
<arguments>
<arg>${selector_term}</arg>
<arg>${term}</arg>
</arguments>
<msg timestamp="20200126 14:38:47.133" level="INFO">Selecting options from selection list 'xpath=//*[@id="select_crs_term"]' by value 1.</msg>
<status status="PASS" starttime="20200126 14:38:47.133" endtime="20200126 14:38:47.198"></status>
</kw>
<status status="PASS" starttime="20200126 14:38:47.133" endtime="20200126 14:38:47.198"></status>
</kw>
<kw name="AND แสดงรายการการสอบ" library="Keywords-review">
<kw name="Click Element" library="Selenium2Library">
<doc>Click the element identified by ``locator``.</doc>
<arguments>
<arg>${btn_show_list_exam_review}</arg>
</arguments>
<msg timestamp="20200126 14:38:47.201" level="INFO">Clicking element 'xpath=//*[@id="dataTable3"]/tbody/tr/td[6]/center/a'.</msg>
<status status="PASS" starttime="20200126 14:38:47.200" endtime="20200126 14:38:47.546"></status>
</kw>
<kw name="Sleep" library="BuiltIn">
<doc>Pauses the test executed for the given time.</doc>
<arguments>
<arg>1s</arg>
</arguments>
<msg timestamp="20200126 14:38:48.546" level="INFO">Slept 1 second</msg>
<status status="PASS" starttime="20200126 14:38:47.546" endtime="20200126 14:38:48.546"></status>
</kw>
<status status="PASS" starttime="20200126 14:38:47.200" endtime="20200126 14:38:48.546"></status>
</kw>
<kw name="AND แสดงรายละเอียดของคำตอบ" library="Keywords-review">
<kw name="Click Element" library="Selenium2Library">
<doc>Click the element identified by ``locator``.</doc>
<arguments>
<arg>${btn_show_score}</arg>
</arguments>
<msg timestamp="20200126 14:38:48.548" level="INFO">Clicking element 'xpath=//*[@id="show_model"]'.</msg>
<status status="PASS" starttime="20200126 14:38:48.548" endtime="20200126 14:38:48.617"></status>
</kw>
<kw name="Sleep" library="BuiltIn">
<doc>Pauses the test executed for the given time.</doc>
<arguments>
<arg>1s</arg>
</arguments>
<msg timestamp="20200126 14:38:49.618" level="INFO">Slept 1 second</msg>
<status status="PASS" starttime="20200126 14:38:48.617" endtime="20200126 14:38:49.618"></status>
</kw>
<status status="PASS" starttime="20200126 14:38:48.547" endtime="20200126 14:38:49.619"></status>
</kw>
<tags>
<tag>TEST</tag>
</tags>
<status status="PASS" starttime="20200126 14:38:26.729" endtime="20200126 14:38:49.621" critical="yes"></status>
</test>
<status status="PASS" starttime="20200126 14:38:26.547" endtime="20200126 14:38:49.630"></status>
</suite>
<statistics>
<total>
<stat pass="1" fail="0">Critical Tests</stat>
<stat pass="1" fail="0">All Tests</stat>
</total>
<tag>
<stat pass="1" fail="0">TEST</stat>
</tag>
<suite>
<stat pass="1" fail="0" id="s1" name="แสดงรายงานผลการสอบ">แสดงรายงานผลการสอบ</stat>
</suite>
</statistics>
<errors>
</errors>
</robot>
